2023-09-21 00:49:37,129 [INFO] UtilMem:75 - End SaveConfig() Used Memory: 539989472 Bytes (1073741824)
2023-09-21 00:49:37,283 [INFO] UtilMem:75 - End SaveConfig() Used Memory: 553337240 Bytes (1073741824)
2023-09-21 00:49:38,044 [INFO] UtilMem:75 - End SaveConfig() Used Memory: 589876616 Bytes (1073741824)
2023-09-21 00:49:38,656 [INFO] BlockDiagram:2759 - set Specific Code input for plugin: SPI
2023-09-21 00:49:38,656 [INFO] BlockDiagram:2759 - set Specific Code input for plugin: NVIC
2023-09-21 00:49:38,658 [INFO] BlockDiagram:2759 - set Specific Code input for plugin: TSC
2023-09-21 00:49:38,658 [INFO] BlockDiagram:2759 - set Specific Code input for plugin: USB
2023-09-21 00:49:38,659 [INFO] BlockDiagram:2759 - set Specific Code input for plugin: SYS
2023-09-21 00:49:38,662 [INFO] BlockDiagram:2759 - set Specific Code input for plugin: GPIO
2023-09-21 00:49:38,662 [INFO] BlockDiagram:2759 - set Specific Code input for plugin: RCC
2023-09-21 00:49:38,662 [INFO] BlockDiagram:2759 - set Specific Code input for plugin: I2C
2023-09-21 00:49:38,665 [INFO] CodeGenerator:799 - code generatio: config db path: C:\ST\STM32CubeIDE_1.13.1\STM32CubeIDE\plugins\com.st.stm32cube.common.mx_6.9.1.202307191849\\db\
2023-09-21 00:49:39,043 [INFO] CodeEngine:255 - oldGeneratedFile, C:\Users\pedro\STM32CubeIDE\workspace_1.13.1\EuSouMelhorQueIsso\MXTmpFiles\license.tmp_save
2023-09-21 00:49:39,586 [INFO] CodeEngine:279 - Generated code: C:\Users\pedro\STM32CubeIDE\workspace_1.13.1\EuSouMelhorQueIsso\MXTmpFiles\license.tmp
2023-09-21 00:49:39,929 [INFO] CodeEngine:255 - oldGeneratedFile, C:\Users\pedro\STM32CubeIDE\workspace_1.13.1\EuSouMelhorQueIsso\MXTmpFiles\gpio.tmp_save
2023-09-21 00:49:40,143 [INFO] CodeEngine:279 - Generated code: C:\Users\pedro\STM32CubeIDE\workspace_1.13.1\EuSouMelhorQueIsso\MXTmpFiles\gpio.tmp
2023-09-21 00:49:41,146 [INFO] CodeEngine:255 - oldGeneratedFile, C:\Users\pedro\STM32CubeIDE\workspace_1.13.1\EuSouMelhorQueIsso\Core\Src\stm32f0xx_it.c_save
2023-09-21 00:49:41,375 [INFO] CodeEngine:279 - Generated code: C:\Users\pedro\STM32CubeIDE\workspace_1.13.1\EuSouMelhorQueIsso\Core\Src\stm32f0xx_it.c
2023-09-21 00:49:41,398 [INFO] CodeEngine:255 - oldGeneratedFile, C:\Users\pedro\STM32CubeIDE\workspace_1.13.1\EuSouMelhorQueIsso\Core\Inc\stm32f0xx_it.h_save
2023-09-21 00:49:41,523 [INFO] CodeEngine:279 - Generated code: C:\Users\pedro\STM32CubeIDE\workspace_1.13.1\EuSouMelhorQueIsso\Core\Inc\stm32f0xx_it.h
2023-09-21 00:49:41,572 [INFO] CodeEngine:255 - oldGeneratedFile, C:\Users\pedro\STM32CubeIDE\workspace_1.13.1\EuSouMelhorQueIsso\Core\Src\stm32f0xx_hal_msp.c_save
2023-09-21 00:49:41,779 [INFO] CodeEngine:279 - Generated code: C:\Users\pedro\STM32CubeIDE\workspace_1.13.1\EuSouMelhorQueIsso\Core\Src\stm32f0xx_hal_msp.c
2023-09-21 00:49:41,796 [INFO] CodeEngine:255 - oldGeneratedFile, C:\Users\pedro\STM32CubeIDE\workspace_1.13.1\EuSouMelhorQueIsso\MXTmpFiles\system.tmp_save
2023-09-21 00:49:41,901 [INFO] CodeEngine:279 - Generated code: C:\Users\pedro\STM32CubeIDE\workspace_1.13.1\EuSouMelhorQueIsso\MXTmpFiles\system.tmp
2023-09-21 00:49:41,940 [INFO] CodeEngine:311 - oldGeneratedFile, C:\Users\pedro\STM32CubeIDE\workspace_1.13.1\EuSouMelhorQueIsso\Core\Inc\stm32f0xx_hal_conf.h_save
2023-09-21 00:49:42,127 [INFO] CodeEngine:335 - Generated code: C:\Users\pedro\STM32CubeIDE\workspace_1.13.1\EuSouMelhorQueIsso\Core\Inc\stm32f0xx_hal_conf.h
2023-09-21 00:49:42,246 [INFO] CodeEngine:255 - oldGeneratedFile, C:\Users\pedro\STM32CubeIDE\workspace_1.13.1\EuSouMelhorQueIsso\Core\Inc\main.h_save
2023-09-21 00:49:42,449 [INFO] CodeEngine:279 - Generated code: C:\Users\pedro\STM32CubeIDE\workspace_1.13.1\EuSouMelhorQueIsso\Core\Inc\main.h
2023-09-21 00:49:42,482 [INFO] CodeEngine:255 - oldGeneratedFile, C:\Users\pedro\STM32CubeIDE\workspace_1.13.1\EuSouMelhorQueIsso\Core\Src\main.c_save
2023-09-21 00:49:42,743 [INFO] CodeEngine:279 - Generated code: C:\Users\pedro\STM32CubeIDE\workspace_1.13.1\EuSouMelhorQueIsso\Core\Src\main.c
2023-09-21 00:49:43,770 [INFO] ProjectBuilder:3064 - Time for Copy HAL[1] : 494mS.
2023-09-21 00:49:43,779 [INFO] ProjectBuilder:4404 - Project Generator version: 4.1.0
2023-09-21 00:49:44,037 [INFO] ConfigFileManager:1457 - The Die is : DIE448
2023-09-21 00:49:44,054 [INFO] ApiDbMcu:507 - Load IP Config File for FATFS
2023-09-21 00:49:44,073 [INFO] ApiDbMcu:507 - Load IP Config File for FREERTOS
2023-09-21 00:49:44,097 [INFO] ApiDbMcu:507 - Load IP Config File for TOUCHSENSING
2023-09-21 00:49:44,112 [INFO] ApiDbMcu:507 - Load IP Config File for USB_DEVICE
