2023-09-24 14:30:26,908 [INFO] Activator:176 - 


2023-09-24 14:30:26,921 [INFO] Activator:177 - !SESSION log4j initialized
2023-09-24 14:30:40,185 [INFO] LogOutputStream:77 - [STDOUT_REDIRECT] 
2023-09-24 14:30:45,567 [INFO] ApplicationProperties:184 - Using Application install path: C:\ST\STM32CubeIDE_1.13.1\STM32CubeIDE\plugins\com.st.stm32cube.common.mx_6.9.1.202307191849
2023-09-24 14:30:45,600 [INFO] DbMcusXml:78 - Set database path to: C:\ST\STM32CubeIDE_1.13.1\STM32CubeIDE\plugins\com.st.stm32cube.common.mx_6.9.1.202307191849\\db\/mcu/
2023-09-24 14:30:45,601 [INFO] ApiDb:274 - Set plugin database path to: C:\ST\STM32CubeIDE_1.13.1\STM32CubeIDE\plugins\com.st.stm32cube.common.mx_6.9.1.202307191849\\db\/plugins/boardmanager/
2023-09-24 14:30:45,601 [WARN] ApiDb:259 - Overriding images path with different value:  => C:\ST\STM32CubeIDE_1.13.1\STM32CubeIDE\plugins\com.st.stm32cube.common.mx_6.9.1.202307191849\\db\/plugins/mcufinder/images/
2023-09-24 14:30:45,621 [INFO] ApiDb:250 - Set database path to: C:\Users\pedro\.stmcufinder\plugins\mcufinder//mcu/
2023-09-24 14:30:45,624 [INFO] DbMcusAds:125 - Set database path to: C:\Users\pedro\.stmcufinder\plugins\mcufinder//mcu/
2023-09-24 14:30:45,627 [INFO] CrossReferenceDbSqlite:203 - Set database path to: C:\Users\pedro\.stmcufinder\plugins\mcufinder//mcu/cs/
2023-09-24 14:30:45,886 [INFO] RulesReader:64 - Compatibility file has been processed (293 Rules)
2023-09-24 14:30:46,064 [INFO] DbMcusXml:78 - Set database path to: C:\ST\STM32CubeIDE_1.13.1\STM32CubeIDE\plugins\com.st.stm32cube.common.mx_6.9.1.202307191849\\db\/mcu/
2023-09-24 14:30:46,064 [INFO] ApiDb:274 - Set plugin database path to: C:\ST\STM32CubeIDE_1.13.1\STM32CubeIDE\plugins\com.st.stm32cube.common.mx_6.9.1.202307191849\\db\/plugins/boardmanager/
2023-09-24 14:30:46,064 [INFO] ApiDb:261 - Set plugin images path to: C:\ST\STM32CubeIDE_1.13.1\STM32CubeIDE\plugins\com.st.stm32cube.common.mx_6.9.1.202307191849\\db\/plugins/mcufinder/images/
2023-09-24 14:30:46,065 [WARN] DbFile:41 - Overriding database path with different value: C:\Users\pedro\.stmcufinder\plugins\mcufinder/ => C:\Users\pedro\.stmcufinder\plugins\mcufinder
2023-09-24 14:30:46,065 [INFO] ApiDb:250 - Set database path to: C:\Users\pedro\.stmcufinder\plugins\mcufinder//mcu/
2023-09-24 14:30:46,065 [WARN] DbFile:41 - Overriding database path with different value: C:\Users\pedro\.stmcufinder\plugins\mcufinder/ => C:\Users\pedro\.stmcufinder\plugins\mcufinder
2023-09-24 14:30:46,065 [INFO] DbMcusAds:125 - Set database path to: C:\Users\pedro\.stmcufinder\plugins\mcufinder//mcu/
2023-09-24 14:30:46,065 [WARN] DbFile:41 - Overriding database path with different value: C:\Users\pedro\.stmcufinder\plugins\mcufinder/ => C:\Users\pedro\.stmcufinder\plugins\mcufinder
2023-09-24 14:30:46,066 [WARN] DbFile:41 - Overriding database path with different value: C:\Users\pedro\.stmcufinder\plugins\mcufinder/ => C:\Users\pedro\.stmcufinder\plugins\mcufinder
2023-09-24 14:30:46,066 [INFO] CrossReferenceDbSqlite:203 - Set database path to: C:\Users\pedro\.stmcufinder\plugins\mcufinder//mcu/cs/
2023-09-24 14:30:46,249 [INFO] MainPanel:262 - HeapMemory: 268435456
2023-09-24 14:30:46,451 [INFO] DbMcusXml:78 - Set database path to: C:\ST\STM32CubeIDE_1.13.1\STM32CubeIDE\plugins\com.st.stm32cube.common.mx_6.9.1.202307191849\\db\/mcu/
2023-09-24 14:30:46,452 [INFO] ApiDb:274 - Set plugin database path to: C:\ST\STM32CubeIDE_1.13.1\STM32CubeIDE\plugins\com.st.stm32cube.common.mx_6.9.1.202307191849\\db\/plugins/boardmanager/
2023-09-24 14:30:46,452 [INFO] ApiDb:261 - Set plugin images path to: C:\ST\STM32CubeIDE_1.13.1\STM32CubeIDE\plugins\com.st.stm32cube.common.mx_6.9.1.202307191849\\db\/plugins/mcufinder/images/
2023-09-24 14:30:46,453 [WARN] DbFile:41 - Overriding database path with different value: C:\Users\pedro\.stmcufinder\plugins\mcufinder/ => C:\Users\pedro\.stmcufinder\plugins\mcufinder
2023-09-24 14:30:46,453 [INFO] ApiDb:250 - Set database path to: C:\Users\pedro\.stmcufinder\plugins\mcufinder//mcu/
2023-09-24 14:30:46,453 [WARN] DbFile:41 - Overriding database path with different value: C:\Users\pedro\.stmcufinder\plugins\mcufinder/ => C:\Users\pedro\.stmcufinder\plugins\mcufinder
2023-09-24 14:30:46,454 [INFO] DbMcusAds:125 - Set database path to: C:\Users\pedro\.stmcufinder\plugins\mcufinder//mcu/
2023-09-24 14:30:46,455 [WARN] DbFile:41 - Overriding database path with different value: C:\Users\pedro\.stmcufinder\plugins\mcufinder/ => C:\Users\pedro\.stmcufinder\plugins\mcufinder
2023-09-24 14:30:46,455 [WARN] DbFile:41 - Overriding database path with different value: C:\Users\pedro\.stmcufinder\plugins\mcufinder/ => C:\Users\pedro\.stmcufinder\plugins\mcufinder
2023-09-24 14:30:46,456 [INFO] CrossReferenceDbSqlite:203 - Set database path to: C:\Users\pedro\.stmcufinder\plugins\mcufinder//mcu/cs/
2023-09-24 14:30:46,491 [INFO] ApplicationProperties:184 - Using Application install path: C:\ST\STM32CubeIDE_1.13.1\STM32CubeIDE\plugins\com.st.stm32cube.common.mx_6.9.1.202307191849
2023-09-24 14:30:46,493 [INFO] PluginManage:196 - Search for loadable plugins [exclusion list=, ]
2023-09-24 14:30:46,496 [INFO] PluginManage:310 - Check plugin analytics
2023-09-24 14:30:46,937 [INFO] AnalyticsPlugin:253 - Accepted Software Licenses: 
2023-09-24 14:30:46,938 [INFO] AnalyticsPlugin:255 - Accepted CMSIS Pack Licenses: 
2023-09-24 14:30:46,939 [INFO] AnalyticsPlugin:257 - Accepted Firmware Licenses: 
2023-09-24 14:30:46,947 [INFO] PluginManage:359 - Loaded plugin analytics (category:tool,tabindex:-1)
2023-09-24 14:30:46,948 [INFO] PluginManage:310 - Check plugin cadmodel
2023-09-24 14:30:46,976 [INFO] CADModel:105 - Init CAD model plugin
2023-09-24 14:30:46,977 [INFO] PluginManage:359 - Loaded plugin cadmodel (category:power,tabindex:5)
2023-09-24 14:30:46,978 [INFO] PluginManage:310 - Check plugin clock
2023-09-24 14:30:47,048 [INFO] PluginManage:359 - Loaded plugin clock (category:base,tabindex:2)
2023-09-24 14:30:47,048 [INFO] PluginManage:310 - Check plugin ddr
2023-09-24 14:30:47,054 [INFO] PluginManage:359 - Loaded plugin ddr (category:tool,tabindex:6)
2023-09-24 14:30:47,055 [INFO] PluginManage:310 - Check plugin filemanager
2023-09-24 14:30:47,377 [INFO] PluginManage:359 - Loaded plugin filemanager (category:base,tabindex:10)
2023-09-24 14:30:47,377 [INFO] PluginManage:310 - Check plugin ipmanager
2023-09-24 14:30:47,393 [INFO] PluginManage:359 - Loaded plugin ipmanager (category:base,tabindex:5)
2023-09-24 14:30:47,393 [INFO] PluginManage:310 - Check plugin lpbam
2023-09-24 14:30:47,436 [INFO] PluginManage:359 - Loaded plugin lpbam (category:base,tabindex:0)
2023-09-24 14:30:47,436 [INFO] PluginManage:310 - Check plugin memorymap
2023-09-24 14:30:47,488 [INFO] PluginManage:359 - Loaded plugin memorymap (category:base,tabindex:4)
2023-09-24 14:30:47,488 [INFO] PluginManage:310 - Check plugin pinoutandconfiguration
2023-09-24 14:30:47,529 [INFO] PluginManage:359 - Loaded plugin pinoutandconfiguration (category:base,tabindex:1)
2023-09-24 14:30:47,529 [INFO] PluginManage:310 - Check plugin pinoutconfig
2023-09-24 14:30:47,828 [WARN] SupportedApi:132 - Cannot load RTOS API schema: s4s-elt-must-match.1: The content of 'definitions' must match (annotation?, (simpleType | complexType)?, (unique | key | keyref)*)). A problem was found starting at: attribute.
2023-09-24 14:30:48,215 [INFO] PluginManage:359 - Loaded plugin pinoutconfig (category:base,tabindex:0)
2023-09-24 14:30:48,216 [INFO] PluginManage:310 - Check plugin power
2023-09-24 14:30:48,257 [INFO] PluginManage:359 - Loaded plugin power (category:power,tabindex:4)
2023-09-24 14:30:48,258 [INFO] PluginManage:310 - Check plugin projectmanager
2023-09-24 14:30:48,293 [INFO] PluginManage:359 - Loaded plugin projectmanager (category:projectmanager,tabindex:3)
2023-09-24 14:30:48,293 [INFO] PluginManage:310 - Check plugin thirdparty
2023-09-24 14:30:48,816 [INFO] PluginManage:359 - Loaded plugin thirdparty (category:base,tabindex:-1)
2023-09-24 14:30:48,816 [WARN] IntegrityCheckThread:84 - waiting for thirdparty lock release [integrity check]
2023-09-24 14:30:48,816 [INFO] PluginManage:310 - Check plugin tools
2023-09-24 14:30:48,816 [INFO] IntegrityCheckThread:86 - entering critical section [integrity check]
2023-09-24 14:30:48,817 [INFO] ThirdPartyUpdaterWithRetryManager:70 - Updater plugin not ready yet. [1/15]
2023-09-24 14:30:48,902 [INFO] PluginManage:359 - Loaded plugin tools (category:base,tabindex:7)
2023-09-24 14:30:48,905 [INFO] PluginManage:310 - Check plugin tutovideos
2023-09-24 14:30:49,339 [INFO] PluginManage:359 - Loaded plugin tutovideos (category:base,tabindex:-1)
2023-09-24 14:30:49,340 [INFO] PluginManage:310 - Check plugin updater
2023-09-24 14:30:49,368 [INFO] PluginManage:359 - Loaded plugin updater (category:base,tabindex:12)
2023-09-24 14:30:49,368 [INFO] PluginManage:310 - Check plugin userauth
2023-09-24 14:30:49,380 [INFO] UserAuth:113 - Init User Auth plugin
2023-09-24 14:30:49,380 [INFO] PluginManage:359 - Loaded plugin userauth (category:base,tabindex:14)
2023-09-24 14:30:49,381 [INFO] PluginManage:283 - PluginManage : Loaded plugins [17]
2023-09-24 14:30:49,884 [INFO] PinOutPanel:1499 - setPackage(No Configuration,No Configuration)
2023-09-24 14:30:50,075 [INFO] CADModel:165 - CPN selected for project level
2023-09-24 14:30:50,076 [INFO] CADModel:114 - Register for checkConnection events
2023-09-24 14:30:50,118 [INFO] IPUIPlugin:80 - create IPUIPlugin
2023-09-24 14:30:50,119 [INFO] PluginManager:220 - loadIPPluginJar : add adc
2023-09-24 14:30:50,178 [INFO] IPUIPlugin:80 - create IPUIPlugin
2023-09-24 14:30:50,179 [INFO] PluginManager:220 - loadIPPluginJar : add aes
2023-09-24 14:30:50,242 [INFO] IPUIPlugin:80 - create IPUIPlugin
2023-09-24 14:30:50,242 [INFO] PluginManager:220 - loadIPPluginJar : add can
2023-09-24 14:30:50,276 [INFO] IPUIPlugin:80 - create IPUIPlugin
2023-09-24 14:30:50,276 [INFO] PluginManager:220 - loadIPPluginJar : add comp
2023-09-24 14:30:50,324 [INFO] IPUIPlugin:80 - create IPUIPlugin
2023-09-24 14:30:50,324 [INFO] PluginManager:220 - loadIPPluginJar : add cryp
2023-09-24 14:30:50,366 [INFO] IPUIPlugin:80 - create IPUIPlugin
2023-09-24 14:30:50,366 [INFO] PluginManager:220 - loadIPPluginJar : add dfsdm
2023-09-24 14:30:50,385 [INFO] IPUIPlugin:80 - create IPUIPlugin
2023-09-24 14:30:50,386 [INFO] PluginManager:220 - loadIPPluginJar : add dma
2023-09-24 14:30:50,446 [INFO] IPUIPlugin:80 - create IPUIPlugin
2023-09-24 14:30:50,446 [INFO] PluginManager:220 - loadIPPluginJar : add dma3
2023-09-24 14:30:50,478 [INFO] IPUIPlugin:80 - create IPUIPlugin
2023-09-24 14:30:50,478 [INFO] PluginManager:220 - loadIPPluginJar : add fatfs
2023-09-24 14:30:50,553 [INFO] IPUIPlugin:80 - create IPUIPlugin
2023-09-24 14:30:50,553 [INFO] PluginManager:220 - loadIPPluginJar : add fmc
2023-09-24 14:30:50,581 [INFO] IPUIPlugin:80 - create IPUIPlugin
2023-09-24 14:30:50,582 [INFO] PluginManager:220 - loadIPPluginJar : add freertos
2023-09-24 14:30:50,630 [INFO] IPUIPlugin:80 - create IPUIPlugin
2023-09-24 14:30:50,630 [INFO] PluginManager:220 - loadIPPluginJar : add genericplugin
2023-09-24 14:30:50,799 [INFO] IPUIPlugin:80 - create IPUIPlugin
2023-09-24 14:30:50,799 [INFO] PluginManager:220 - loadIPPluginJar : add gfxmmu
2023-09-24 14:30:51,008 [INFO] IPUIPlugin:80 - create IPUIPlugin
2023-09-24 14:30:51,008 [INFO] PluginManager:220 - loadIPPluginJar : add gic
2023-09-24 14:30:51,029 [INFO] IPUIPlugin:80 - create IPUIPlugin
2023-09-24 14:30:51,029 [INFO] PluginManager:220 - loadIPPluginJar : add gpio
2023-09-24 14:30:51,159 [INFO] IPUIPlugin:80 - create IPUIPlugin
2023-09-24 14:30:51,159 [INFO] PluginManager:220 - loadIPPluginJar : add gtzc
2023-09-24 14:30:51,204 [INFO] IPUIPlugin:80 - create IPUIPlugin
2023-09-24 14:30:51,204 [INFO] PluginManager:220 - loadIPPluginJar : add hash
2023-09-24 14:30:51,278 [INFO] IPUIPlugin:80 - create IPUIPlugin
2023-09-24 14:30:51,278 [INFO] PluginManager:220 - loadIPPluginJar : add i2c
2023-09-24 14:30:51,335 [INFO] IPUIPlugin:80 - create IPUIPlugin
2023-09-24 14:30:51,335 [INFO] PluginManager:220 - loadIPPluginJar : add i2s
2023-09-24 14:30:51,394 [INFO] IPUIPlugin:80 - create IPUIPlugin
2023-09-24 14:30:51,394 [INFO] PluginManager:220 - loadIPPluginJar : add i3c
2023-09-24 14:30:51,536 [INFO] IPUIPlugin:80 - create IPUIPlugin
2023-09-24 14:30:51,536 [INFO] PluginManager:220 - loadIPPluginJar : add ipddr
2023-09-24 14:30:51,659 [INFO] IPUIPlugin:80 - create IPUIPlugin
2023-09-24 14:30:51,659 [INFO] PluginManager:220 - loadIPPluginJar : add linkedlist
2023-09-24 14:30:51,716 [INFO] IPUIPlugin:80 - create IPUIPlugin
2023-09-24 14:30:51,716 [INFO] PluginManager:220 - loadIPPluginJar : add lorawan
2023-09-24 14:30:51,767 [INFO] IPUIPlugin:80 - create IPUIPlugin
2023-09-24 14:30:51,767 [INFO] PluginManager:220 - loadIPPluginJar : add ltdc
2023-09-24 14:30:51,787 [INFO] IPUIPlugin:80 - create IPUIPlugin
2023-09-24 14:30:51,787 [INFO] PluginManager:220 - loadIPPluginJar : add mdma
2023-09-24 14:30:51,802 [INFO] IPUIPlugin:80 - create IPUIPlugin
2023-09-24 14:30:51,802 [INFO] PluginManager:220 - loadIPPluginJar : add nvic
2023-09-24 14:30:51,829 [INFO] ThirdPartyUpdaterWithRetryManager:70 - Updater plugin not ready yet. [2/15]
2023-09-24 14:30:51,847 [INFO] IPUIPlugin:80 - create IPUIPlugin
2023-09-24 14:30:51,847 [INFO] PluginManager:220 - loadIPPluginJar : add opamp
2023-09-24 14:30:51,922 [INFO] IPUIPlugin:80 - create IPUIPlugin
2023-09-24 14:30:51,922 [INFO] PluginManager:220 - loadIPPluginJar : add openamp
2023-09-24 14:30:51,981 [INFO] IPUIPlugin:80 - create IPUIPlugin
2023-09-24 14:30:51,981 [INFO] PluginManager:220 - loadIPPluginJar : add pdm2pcm
2023-09-24 14:30:51,998 [INFO] IPUIPlugin:80 - create IPUIPlugin
2023-09-24 14:30:52,005 [INFO] PluginManager:220 - loadIPPluginJar : add plateformsettings
2023-09-24 14:30:52,036 [INFO] IPUIPlugin:80 - create IPUIPlugin
2023-09-24 14:30:52,038 [INFO] PluginManager:220 - loadIPPluginJar : add quadspi
2023-09-24 14:30:52,059 [INFO] IPUIPlugin:80 - create IPUIPlugin
2023-09-24 14:30:52,059 [INFO] PluginManager:220 - loadIPPluginJar : add resmgrutility
2023-09-24 14:30:52,132 [INFO] IPUIPlugin:80 - create IPUIPlugin
2023-09-24 14:30:52,132 [INFO] PluginManager:220 - loadIPPluginJar : add sai
2023-09-24 14:30:52,182 [INFO] IPUIPlugin:80 - create IPUIPlugin
2023-09-24 14:30:52,182 [INFO] PluginManager:220 - loadIPPluginJar : add spi
2023-09-24 14:30:52,256 [INFO] IPUIPlugin:80 - create IPUIPlugin
2023-09-24 14:30:52,257 [INFO] PluginManager:220 - loadIPPluginJar : add stm32_wpan
2023-09-24 14:30:52,289 [INFO] IPUIPlugin:80 - create IPUIPlugin
2023-09-24 14:30:52,289 [INFO] PluginManager:220 - loadIPPluginJar : add tim
2023-09-24 14:30:52,361 [INFO] IPUIPlugin:80 - create IPUIPlugin
2023-09-24 14:30:52,361 [INFO] PluginManager:220 - loadIPPluginJar : add touchsensing
2023-09-24 14:30:52,388 [INFO] IPUIPlugin:80 - create IPUIPlugin
2023-09-24 14:30:52,388 [INFO] PluginManager:220 - loadIPPluginJar : add tracer_emb
2023-09-24 14:30:52,416 [INFO] IPUIPlugin:80 - create IPUIPlugin
2023-09-24 14:30:52,416 [INFO] PluginManager:220 - loadIPPluginJar : add ts
2023-09-24 14:30:52,441 [INFO] IPUIPlugin:80 - create IPUIPlugin
2023-09-24 14:30:52,441 [INFO] PluginManager:220 - loadIPPluginJar : add tsc
2023-09-24 14:30:52,466 [INFO] IPUIPlugin:80 - create IPUIPlugin
2023-09-24 14:30:52,467 [INFO] PluginManager:220 - loadIPPluginJar : add ucpd
2023-09-24 14:30:52,525 [INFO] IPUIPlugin:80 - create IPUIPlugin
2023-09-24 14:30:52,526 [INFO] PluginManager:220 - loadIPPluginJar : add usart
2023-09-24 14:30:52,582 [INFO] IPUIPlugin:80 - create IPUIPlugin
2023-09-24 14:30:52,582 [INFO] PluginManager:220 - loadIPPluginJar : add usbx
2023-09-24 14:30:52,742 [INFO] CADModel:165 - CPN selected for project level
2023-09-24 14:30:52,742 [INFO] CADModel:114 - Register for checkConnection events
2023-09-24 14:30:52,743 [FATAL] Updater:308 - Updater called before beeing initialized
2023-09-24 14:30:52,743 [ERROR] CADModel:125 - Updater not yet initialized, retry later 
2023-09-24 14:30:52,979 [INFO] CADModel:165 - CPN selected for project level
2023-09-24 14:30:52,979 [INFO] CADModel:114 - Register for checkConnection events
2023-09-24 14:30:52,979 [FATAL] Updater:308 - Updater called before beeing initialized
2023-09-24 14:30:52,979 [ERROR] CADModel:125 - Updater not yet initialized, retry later 
2023-09-24 14:30:52,984 [FATAL] Updater:308 - Updater called before beeing initialized
2023-09-24 14:30:53,155 [FATAL] Updater:308 - Updater called before beeing initialized
2023-09-24 14:30:53,174 [INFO] DbMcusAds:53 - JSON generation date=Tue Mar 07 05:50:55 BRT 2023 (1678179055114)
2023-09-24 14:30:53,175 [FATAL] Updater:308 - Updater called before beeing initialized
2023-09-24 14:30:53,293 [WARN] DetailPanel:346 - Failed to get advertising image, set to default
2023-09-24 14:30:53,429 [FATAL] Updater:308 - Updater called before beeing initialized
2023-09-24 14:30:53,432 [FATAL] Updater:308 - Updater called before beeing initialized
2023-09-24 14:30:53,432 [FATAL] Updater:308 - Updater called before beeing initialized
2023-09-24 14:30:53,432 [WARN] DetailPanel:346 - Failed to get advertising image, set to default
2023-09-24 14:30:53,433 [FATAL] Updater:308 - Updater called before beeing initialized
2023-09-24 14:30:53,526 [ERROR] Updater:1120 - MainUpdater not yet initialized. External WinMGr cannot be set.
2023-09-24 14:30:53,543 [INFO] Updater:1056 - Updater Version found : 6.9.1
2023-09-24 14:30:53,576 [INFO] ApplicationProperties:184 - Using Application install path: C:\ST\STM32CubeIDE_1.13.1\STM32CubeIDE\plugins\com.st.stm32cube.common.mx_6.9.1.202307191849
2023-09-24 14:30:53,880 [INFO] MainUpdater:2868 - connection check result : 10
2023-09-24 14:30:53,881 [INFO] MainUpdater:285 - Updater Check For Update Now.
2023-09-24 14:30:53,882 [INFO] MicroXplorer:498 - Change Database Version : DB.6.0.91
2023-09-24 14:30:53,912 [INFO] McuFinderGlobals:63 - Set McuFinder mode to 2 (CubeIDE integrated)
2023-09-24 14:30:54,202 [INFO] CheckServerUpdateThread:120 - End of CheckServer Thread
2023-09-24 14:30:55,191 [WARN] PackLoader:240 - Cannot read IP mode file for STMicroelectronics.X-CUBE-GNSS1.6.0.0
2023-09-24 14:30:55,220 [WARN] PackLoader:240 - Cannot read IP mode file for STMicroelectronics.FP-SNS-MOTENV1.4.3.2
2023-09-24 14:30:55,271 [WARN] PackLoader:240 - Cannot read IP mode file for STMicroelectronics.X-CUBE-BLEMGR.2.0.0
2023-09-24 14:30:55,323 [WARN] PackLoader:240 - Cannot read IP mode file for STMicroelectronics.X-CUBE-DISPLAY.3.0.0
2023-09-24 14:30:55,363 [WARN] PackLoader:240 - Cannot read IP mode file for STMicroelectronics.X-CUBE-EEPRMA1.4.1.0
2023-09-24 14:30:55,391 [WARN] PackLoader:240 - Cannot read IP mode file for STMicroelectronics.X-CUBE-BLE2.3.3.0
2023-09-24 14:30:55,418 [WARN] PackLoader:240 - Cannot read IP mode file for STMicroelectronics.FP-ATR-SIGFOX1.3.2.0
2023-09-24 14:30:55,447 [WARN] PackLoader:240 - Cannot read IP mode file for STMicroelectronics.X-CUBE-ALS.1.0.1
2023-09-24 14:30:55,480 [WARN] PackLoader:240 - Cannot read IP mode file for STMicroelectronics.FP-ATR-ASTRA1.2.0.0
2023-09-24 14:30:55,482 [INFO] ThirdParty:978 - Integrity check success = true
2023-09-24 14:30:55,482 [INFO] IntegrityCheckThread:100 - exiting critical section [integrity check]
2023-09-24 14:30:55,482 [INFO] IntegrityCheckThread:103 - End integrity checks thread
2023-09-24 14:31:15,864 [ERROR] LogOutputStream:75 - [STDERR_REDIRECT] SLF4J: Failed to load class "org.slf4j.impl.StaticLoggerBinder".
2023-09-24 14:31:15,865 [ERROR] LogOutputStream:75 - [STDERR_REDIRECT] SLF4J: Defaulting to no-operation (NOP) logger implementation
2023-09-24 14:31:15,867 [ERROR] LogOutputStream:75 - [STDERR_REDIRECT] SLF4J: See http://www.slf4j.org/codes.html#StaticLoggerBinder for further details.
