2023-09-18 20:05:00,894 [INFO] MainUpdater:2868 - connection check result : 10
2023-09-18 20:05:00,979 [INFO] McuFinderGlobals:76 - Set McuFinderConnectedMode to true
2023-09-18 20:05:01,754 [INFO] ServerAccessManage:473 - Download File mcusAds.json._tmp_
2023-09-18 20:05:01,875 [INFO] LoadUrlFilesThread:156 - End of LoadUrlFiles Thread
2023-09-18 20:05:02,151 [INFO] ServerAccessManage:473 - Download File cube-finder-db.zip
2023-09-18 20:05:02,959 [INFO] FileExtend:240 - Unzip File : cube-finder-db.zip
2023-09-18 20:05:02,960 [INFO] FileExtend:255 - Standard Zip Deflate
2023-09-18 20:05:04,875 [INFO] LoadUrlFilesThread:156 - End of LoadUrlFiles Thread
2023-09-18 20:05:06,163 [INFO] ServerAccessManage:473 - Download File crdb.zip
2023-09-18 20:05:07,396 [INFO] FileExtend:240 - Unzip File : crdb.zip
2023-09-18 20:05:07,397 [INFO] FileExtend:255 - Standard Zip Deflate
2023-09-18 20:05:07,556 [INFO] LoadUrlFilesThread:156 - End of LoadUrlFiles Thread
2023-09-18 20:05:09,788 [INFO] ServerAccessManage:473 - Download File tutoVideoDB.zip
2023-09-18 20:05:09,881 [INFO] FileExtend:240 - Unzip File : tutoVideoDB.zip
2023-09-18 20:05:09,882 [INFO] FileExtend:255 - Standard Zip Deflate
2023-09-18 20:05:10,012 [INFO] LoadUrlFilesThread:156 - End of LoadUrlFiles Thread
2023-09-18 20:05:10,146 [WARN] DbFile:41 - Overriding database path with different value: C:\Users\pedro\.stmcufinder\plugins\mcufinder/ => C:\Users\pedro\.stmcufinder\plugins\mcufinder
2023-09-18 20:05:11,314 [INFO] ServerAccessManage:473 - Download File api_config.json
2023-09-18 20:05:11,427 [INFO] LoadUrlFilesThread:156 - End of LoadUrlFiles Thread
2023-09-18 20:05:11,431 [INFO] DbMcusAds:53 - JSON generation date=Tue Mar 07 05:50:55 BRT 2023 (1678179055114)
2023-09-18 20:05:11,504 [INFO] ApiDb:448 - Save user favorites file C:\Users\pedro/.stm32cubeide/favorites.mcus.txt: 0 item(s)
2023-09-18 20:05:11,504 [INFO] ApiDb:452 - User favorites MCUs=[]
2023-09-18 20:05:11,556 [INFO] ApiDb:581 - Connected to CubeFinder SQLite database (C:\Users\pedro\.stmcufinder\plugins\mcufinder\mcu\cube-finder-db.db)
2023-09-18 20:05:11,624 [INFO] ApiDb:668 - CubeFinder database Data Model version=2.1
2023-09-18 20:05:11,624 [INFO] ApiDb:669 - CubeFinder database Configuration version=3.0.37
2023-09-18 20:05:11,624 [INFO] ApiDb:670 - CubeFinder database generation date=2023-08-09 (1691586011)
2023-09-18 20:05:11,624 [INFO] ApiDb:671 - CubeFinder database FW Pack versions=[FP-ATR-ASTRA1_V2.0.0, FP-SNS-FLIGHT1_V5.0.1, FP-SNS-FLIGHT1_V5.0.2, FP-SNS-MOTENV1_V4.3.1, FP-SNS-MOTENV1_V4.3.2, STM32Cube_FW_C0_V1.1.0, STM32Cube_FW_F4_V1.27.1, STM32Cube_FW_F7_V1.17.0, STM32Cube_FW_G0_V1.6.1, STM32Cube_FW_G4_V1.5.1, STM32Cube_FW_H5_V0.5.1, STM32Cube_FW_H5_V1.1.0, STM32Cube_FW_H7_V1.11.0, STM32Cube_FW_L0_V1.12.2, STM32Cube_FW_L5_V1.5.0, STM32Cube_FW_U5_V1.3.0, STM32Cube_FW_U5_V1.3.0RC4, STM32Cube_FW_WBA_V1.0.0RC1, STM32Cube_FW_WBA_V1.1.0, STM32Cube_FW_WBA_V1.1.0RC1, STM32Cube_FW_WB_V1.15.0RC1, STM32Cube_FW_WB_V1.16.0, STM32Cube_FW_WB_V1.16.0RC2, STM32Cube_FW_WB_V1.17.0, STM32Cube_FW_WL_V1.3.0, X-CUBE-ALGOBUILD_V1.3.0, X-CUBE-ALS_V1.0.1, X-CUBE-AZRTOS-F4_V1.1.0, X-CUBE-AZRTOS-F7_V1.1.0, X-CUBE-AZRTOS-G0_V1.1.0, X-CUBE-AZRTOS-G4_V2.0.0, X-CUBE-AZRTOS-H7_V3.1.0, X-CUBE-AZRTOS-L4_V1.0.0, X-CUBE-AZRTOS-L4_V2.0.0, X-CUBE-AZRTOS-L5_V1.1.0, X-CUBE-AZRTOS-WB_V1.1.0, X-CUBE-AZRTOS-WL_V2.0.0, X-CUBE-BLE1_V7.0.0, X-CUBE-BLE2_V3.3.0, X-CUBE-BLEMGR_V2.0.0, X-CUBE-EEPRMA1_V4.1.0, X-CUBE-FREERTOS_V1.1.0, X-CUBE-GNSS1_V6.0.0, X-CUBE-MEMS1_V9.1.0, X-CUBE-MEMS1_V9.4.0, X-CUBE-MEMS1_V9.6.0, X-CUBE-NFC4_V3.0.0, X-CUBE-NFC7_V1.0.0, X-CUBE-SFXS2LP1_V4.0.0, X-CUBE-SUBG2_V5.0.0, X-CUBE-TOF1_V3.3.1]
2023-09-18 20:05:13,716 [INFO] ApiDb:240 - Found 323 in-development CPN: [B-G473E-ZEST1S, B-WB1M-WPAN1, B-WL5M-SUBG1, NUCLEO-C031C6, NUCLEO-H503RB, NUCLEO-H563ZI, NUCLEO-U545RE-Q, NUCLEO-U5A5ZJ-Q, NUCLEO-WBA52CG, STEVAL-PROTEUS1, STEVAL-SMARTAG2, STEVAL-STWINBX1, STM320518-EVAL, STM32C0116-DK, STM32C011D6Y3TR, STM32C011D6Y6TR, STM32C011F4P3, STM32C011F4P6, STM32C011F4U3, STM32C011F4U6TR, STM32C011F6P3, STM32C011F6P6, STM32C011F6U3, STM32C011F6U6TR, STM32C011J4M3, STM32C011J4M6, STM32C011J6M3, STM32C011J6M6, STM32C0316-DK, STM32C031C4T3, STM32C031C4T6, STM32C031C4U3, STM32C031C4U6, STM32C031C6T3, STM32C031C6T6, STM32C031C6U3, STM32C031C6U6, STM32C031F4P3, STM32C031F4P6, STM32C031F6P3, STM32C031F6P6, STM32C031G4U3, STM32C031G4U6, STM32C031G6U3, STM32C031G6U6, STM32C031K4T3, STM32C031K4T6, STM32C031K4U3, STM32C031K4U6, STM32C031K6T3, STM32C031K6T6, STM32C031K6U3, STM32C031K6U6, STM32G071K8TXN, STM32G071K8UXN, STM32G081GBU6N, STM32G081KBT6N, STM32G081KBUXN, STM32G0B1CCT6N, STM32G0B1KCT6, STM32G0B1NEY6TR, STM32G0B1RCT6N, STM32G0C1CCT6, STM32G0C1CCT6N, STM32G0C1CCU6N, STM32G0C1CET6N, STM32G0C1CEU6N, STM32G0C1KCT6, STM32G0C1NEY6TR, STM32G0C1RCI6N, STM32G0C1RCT6N, STM32G0C1REI6N, STM32G0C1RET6N, STM32G0C1VCI6, STM32G0C1VEI6, STM32G471CCT6, STM32G471CCU6, STM32G471CET3, STM32G471CET6, STM32G471CEU3, STM32G471CEU6, STM32G471MCT6, STM32G471MET3, STM32G471MET6, STM32G471MEY6TR, STM32G471QCT6, STM32G471QET3, STM32G471RCT6, STM32G471RET3, STM32G471RET6, STM32G471VCH6, STM32G471VCI6, STM32G471VCT6, STM32G471VEH3, STM32G471VEH6, STM32G471VEI3, STM32G471VEI6, STM32G471VET3, STM32G471VET6, STM32G474CCT6, STM32H503CBT6, STM32H503CBU6, STM32H503EBY6TR, STM32H503KBU6, STM32H503RBT6, STM32H562AGI6, STM32H562AII6, STM32H562IGK6, STM32H562IGT6, STM32H562IIK6, STM32H562IIT6, STM32H562RGT6, STM32H562RGV6, STM32H562RIT6, STM32H562RIV6, STM32H562VGT6, STM32H562VIT6, STM32H562ZGT6, STM32H562ZIT6, STM32H563AGI6, STM32H563AII3Q, STM32H563AII6, STM32H563IGK6, STM32H563IGT6, STM32H563IIK3Q, STM32H563IIK6, STM32H563IIT3Q, STM32H563IIT6, STM32H563MIY3QTR, STM32H563RGT6, STM32H563RGV6, STM32H563RIT6, STM32H563RIV6, STM32H563VGT6, STM32H563VIT3Q, STM32H563VIT6, STM32H563ZGT6, STM32H563ZIT3Q, STM32H563ZIT6, STM32H573AII3Q, STM32H573AII6, STM32H573I-DK, STM32H573IIK3Q, STM32H573IIK6, STM32H573IIT3Q, STM32H573IIT6, STM32H573MIY3QTR, STM32H573RIT6, STM32H573RIV6, STM32H573VIT3Q, STM32H573VIT6, STM32H573ZIT3Q, STM32H573ZIT6, STM32L4R5QGI6STR, STM32MP131AAE3, STM32MP131AAF3, STM32MP131AAG3, STM32MP131CAE3, STM32MP131CAF3, STM32MP131CAG3, STM32MP131DAE7, STM32MP131DAF7, STM32MP131DAG7, STM32MP131FAE7, STM32MP131FAF7, STM32MP131FAG7, STM32MP133AAE3, STM32MP133AAF3, STM32MP133AAG3, STM32MP133CAE3, STM32MP133CAF3, STM32MP133CAG3, STM32MP133DAE7, STM32MP133DAF7, STM32MP133DAG7, STM32MP133FAE7, STM32MP133FAF7, STM32MP133FAG7, STM32MP135AAE3, STM32MP135AAF3, STM32MP135AAG3, STM32MP135CAE3, STM32MP135CAF3, STM32MP135CAG3, STM32MP135DAE7, STM32MP135DAF7, STM32MP135DAG7, STM32MP135F-DK, STM32MP135FAE7, STM32MP135FAF7, STM32MP135FAF7T, STM32MP135FAF7U, STM32MP135FAG7, STM32U535CBT6, STM32U535CBT6Q, STM32U535CBU6, STM32U535CBU6Q, STM32U535CCT6, STM32U535CCT6Q, STM32U535CCU6, STM32U535CCU6Q, STM32U535CET6, STM32U535CET6Q, STM32U535CEU6, STM32U535CEU6Q, STM32U535JEY6QTR, STM32U535NCY6QTR, STM32U535NEY6QTR, STM32U535RBI6, STM32U535RBI6Q, STM32U535RBT6, STM32U535RBT6Q, STM32U535RCI6, STM32U535RCI6Q, STM32U535RCT6, STM32U535RCT6Q, STM32U535REI6, STM32U535REI6Q, STM32U535RET6, STM32U535RET6Q, STM32U535VCI6, STM32U535VCI6Q, STM32U535VCT6, STM32U535VCT6Q, STM32U535VEI6, STM32U535VEI6Q, STM32U535VET6, STM32U535VET6Q, STM32U545CET6, STM32U545CET6Q, STM32U545CEU6, STM32U545CEU6Q, STM32U545JEY6QTR, STM32U545NEY6QTR, STM32U545REI6, STM32U545REI6Q, STM32U545RET6, STM32U545RET6Q, STM32U545VEI6, STM32U545VEI6Q, STM32U545VET6, STM32U545VET6Q, STM32U595AIH6, STM32U595AIH6Q, STM32U595AJH6, STM32U595AJH6Q, STM32U595QII6, STM32U595QII6Q, STM32U595QJI6, STM32U595QJI6Q, STM32U595RIT6, STM32U595RIT6Q, STM32U595RJT6, STM32U595RJT6Q, STM32U595VIT6, STM32U595VIT6Q, STM32U595VJT6, STM32U595VJT6Q, STM32U595ZIT6, STM32U595ZIT6Q, STM32U595ZIY6QTR, STM32U595ZJT6, STM32U595ZJT6Q, STM32U595ZJY6QTR, STM32U599BJY6QTR, STM32U599NIH6Q, STM32U599NJH6Q, STM32U599VIT6Q, STM32U599VJT6, STM32U599VJT6Q, STM32U599ZIT6Q, STM32U599ZIY6QTR, STM32U599ZJT6Q, STM32U599ZJY6QTR, STM32U5A5AJH6, STM32U5A5AJH6Q, STM32U5A5QJI6, STM32U5A5QJI6Q, STM32U5A5RJT6, STM32U5A5RJT6Q, STM32U5A5VJT6, STM32U5A5VJT6Q, STM32U5A5ZJT6, STM32U5A5ZJT6Q, STM32U5A5ZJY6QTR, STM32U5A9BJY6QTR, STM32U5A9J-DK, STM32U5A9NJH6Q, STM32U5A9VJT6Q, STM32U5A9ZJT6Q, STM32U5A9ZJY6QTR, STM32U5F7VIT6, STM32U5F7VIT6Q, STM32U5F7VJT6, STM32U5F7VJT6Q, STM32U5F9BJY6QTR, STM32U5F9NJH6Q, STM32U5F9VIT6Q, STM32U5F9VJT6Q, STM32U5F9ZIJ6QTR, STM32U5F9ZIT6Q, STM32U5F9ZJJ6QTR, STM32U5F9ZJT6Q, STM32U5G7VJT6, STM32U5G7VJT6Q, STM32U5G9BJY6QTR, STM32U5G9J-DK1, STM32U5G9J-DK2, STM32U5G9NJH6Q, STM32U5G9VJT6Q, STM32U5G9ZJJ6QTR, STM32U5G9ZJT6Q, STM32WB1MMCH6, STM32WBA52CEU6, STM32WBA52CEU6T, STM32WBA52CGU6, STM32WBA52CGU6T, STM32WBA52KEU6, STM32WBA52KEU6T, STM32WBA52KGU6, STM32WBA52KGU6T, STM32WL5MOCH6, STM32WL5MOCH6TR]
2023-09-18 20:05:13,721 [INFO] DbMcus:217 - Found 3848 MCUs, 3848 are supported
2023-09-18 20:05:13,723 [INFO] ApiDb:423 - Load user favorites file C:\Users\pedro/.stm32cubeide/favorites.mcus.txt: 0 item(s)
2023-09-18 20:05:13,723 [INFO] ApiDb:427 - User favorites MCUs=[]
2023-09-18 20:05:13,723 [INFO] DbMcus:223 - Set 0 / 0 favorites MCUs
2023-09-18 20:05:14,109 [INFO] ApiDb:448 - Save user favorites file C:\Users\pedro/.stm32cubeide/favorites.boards.txt: 0 item(s)
2023-09-18 20:05:14,109 [INFO] ApiDb:452 - User favorites Boards=[]
2023-09-18 20:05:14,113 [INFO] ApiDb:581 - Connected to CubeFinder SQLite database (C:\Users\pedro\.stmcufinder\plugins\mcufinder\mcu\cube-finder-db.db)
2023-09-18 20:05:14,173 [INFO] ApiDb:668 - CubeFinder database Data Model version=2.1
2023-09-18 20:05:14,173 [INFO] ApiDb:669 - CubeFinder database Configuration version=3.0.37
2023-09-18 20:05:14,173 [INFO] ApiDb:670 - CubeFinder database generation date=2023-08-09 (1691586011)
2023-09-18 20:05:14,173 [INFO] ApiDb:671 - CubeFinder database FW Pack versions=[FP-ATR-ASTRA1_V2.0.0, FP-SNS-FLIGHT1_V5.0.1, FP-SNS-FLIGHT1_V5.0.2, FP-SNS-MOTENV1_V4.3.1, FP-SNS-MOTENV1_V4.3.2, STM32Cube_FW_C0_V1.1.0, STM32Cube_FW_F4_V1.27.1, STM32Cube_FW_F7_V1.17.0, STM32Cube_FW_G0_V1.6.1, STM32Cube_FW_G4_V1.5.1, STM32Cube_FW_H5_V0.5.1, STM32Cube_FW_H5_V1.1.0, STM32Cube_FW_H7_V1.11.0, STM32Cube_FW_L0_V1.12.2, STM32Cube_FW_L5_V1.5.0, STM32Cube_FW_U5_V1.3.0, STM32Cube_FW_U5_V1.3.0RC4, STM32Cube_FW_WBA_V1.0.0RC1, STM32Cube_FW_WBA_V1.1.0, STM32Cube_FW_WBA_V1.1.0RC1, STM32Cube_FW_WB_V1.15.0RC1, STM32Cube_FW_WB_V1.16.0, STM32Cube_FW_WB_V1.16.0RC2, STM32Cube_FW_WB_V1.17.0, STM32Cube_FW_WL_V1.3.0, X-CUBE-ALGOBUILD_V1.3.0, X-CUBE-ALS_V1.0.1, X-CUBE-AZRTOS-F4_V1.1.0, X-CUBE-AZRTOS-F7_V1.1.0, X-CUBE-AZRTOS-G0_V1.1.0, X-CUBE-AZRTOS-G4_V2.0.0, X-CUBE-AZRTOS-H7_V3.1.0, X-CUBE-AZRTOS-L4_V1.0.0, X-CUBE-AZRTOS-L4_V2.0.0, X-CUBE-AZRTOS-L5_V1.1.0, X-CUBE-AZRTOS-WB_V1.1.0, X-CUBE-AZRTOS-WL_V2.0.0, X-CUBE-BLE1_V7.0.0, X-CUBE-BLE2_V3.3.0, X-CUBE-BLEMGR_V2.0.0, X-CUBE-EEPRMA1_V4.1.0, X-CUBE-FREERTOS_V1.1.0, X-CUBE-GNSS1_V6.0.0, X-CUBE-MEMS1_V9.1.0, X-CUBE-MEMS1_V9.4.0, X-CUBE-MEMS1_V9.6.0, X-CUBE-NFC4_V3.0.0, X-CUBE-NFC7_V1.0.0, X-CUBE-SFXS2LP1_V4.0.0, X-CUBE-SUBG2_V5.0.0, X-CUBE-TOF1_V3.3.1]
2023-09-18 20:05:14,242 [INFO] DbBoardsSqlite:226 - include board P-NUCLEO-WB55-NUCLEO as a kit item of type 'Nucleo-64'
2023-09-18 20:05:14,242 [INFO] DbBoardsSqlite:226 - include board P-NUCLEO-WB55-USBDONGLE as a kit item of type 'Nucleo USB Dongle'
2023-09-18 20:05:14,243 [INFO] DbBoardsSqlite:226 - include board STEVAL-IDP005V1 as a kit item of type 'Evaluation Board'
2023-09-18 20:05:14,243 [INFO] DbBoardsSqlite:226 - include board STEVAL-IDP005V2 as a kit item of type 'Evaluation Board'
2023-09-18 20:05:14,293 [INFO] ApiDb:240 - Found 323 in-development CPN: [B-G473E-ZEST1S, B-WB1M-WPAN1, B-WL5M-SUBG1, NUCLEO-C031C6, NUCLEO-H503RB, NUCLEO-H563ZI, NUCLEO-U545RE-Q, NUCLEO-U5A5ZJ-Q, NUCLEO-WBA52CG, STEVAL-PROTEUS1, STEVAL-SMARTAG2, STEVAL-STWINBX1, STM320518-EVAL, STM32C0116-DK, STM32C011D6Y3TR, STM32C011D6Y6TR, STM32C011F4P3, STM32C011F4P6, STM32C011F4U3, STM32C011F4U6TR, STM32C011F6P3, STM32C011F6P6, STM32C011F6U3, STM32C011F6U6TR, STM32C011J4M3, STM32C011J4M6, STM32C011J6M3, STM32C011J6M6, STM32C0316-DK, STM32C031C4T3, STM32C031C4T6, STM32C031C4U3, STM32C031C4U6, STM32C031C6T3, STM32C031C6T6, STM32C031C6U3, STM32C031C6U6, STM32C031F4P3, STM32C031F4P6, STM32C031F6P3, STM32C031F6P6, STM32C031G4U3, STM32C031G4U6, STM32C031G6U3, STM32C031G6U6, STM32C031K4T3, STM32C031K4T6, STM32C031K4U3, STM32C031K4U6, STM32C031K6T3, STM32C031K6T6, STM32C031K6U3, STM32C031K6U6, STM32G071K8TXN, STM32G071K8UXN, STM32G081GBU6N, STM32G081KBT6N, STM32G081KBUXN, STM32G0B1CCT6N, STM32G0B1KCT6, STM32G0B1NEY6TR, STM32G0B1RCT6N, STM32G0C1CCT6, STM32G0C1CCT6N, STM32G0C1CCU6N, STM32G0C1CET6N, STM32G0C1CEU6N, STM32G0C1KCT6, STM32G0C1NEY6TR, STM32G0C1RCI6N, STM32G0C1RCT6N, STM32G0C1REI6N, STM32G0C1RET6N, STM32G0C1VCI6, STM32G0C1VEI6, STM32G471CCT6, STM32G471CCU6, STM32G471CET3, STM32G471CET6, STM32G471CEU3, STM32G471CEU6, STM32G471MCT6, STM32G471MET3, STM32G471MET6, STM32G471MEY6TR, STM32G471QCT6, STM32G471QET3, STM32G471RCT6, STM32G471RET3, STM32G471RET6, STM32G471VCH6, STM32G471VCI6, STM32G471VCT6, STM32G471VEH3, STM32G471VEH6, STM32G471VEI3, STM32G471VEI6, STM32G471VET3, STM32G471VET6, STM32G474CCT6, STM32H503CBT6, STM32H503CBU6, STM32H503EBY6TR, STM32H503KBU6, STM32H503RBT6, STM32H562AGI6, STM32H562AII6, STM32H562IGK6, STM32H562IGT6, STM32H562IIK6, STM32H562IIT6, STM32H562RGT6, STM32H562RGV6, STM32H562RIT6, STM32H562RIV6, STM32H562VGT6, STM32H562VIT6, STM32H562ZGT6, STM32H562ZIT6, STM32H563AGI6, STM32H563AII3Q, STM32H563AII6, STM32H563IGK6, STM32H563IGT6, STM32H563IIK3Q, STM32H563IIK6, STM32H563IIT3Q, STM32H563IIT6, STM32H563MIY3QTR, STM32H563RGT6, STM32H563RGV6, STM32H563RIT6, STM32H563RIV6, STM32H563VGT6, STM32H563VIT3Q, STM32H563VIT6, STM32H563ZGT6, STM32H563ZIT3Q, STM32H563ZIT6, STM32H573AII3Q, STM32H573AII6, STM32H573I-DK, STM32H573IIK3Q, STM32H573IIK6, STM32H573IIT3Q, STM32H573IIT6, STM32H573MIY3QTR, STM32H573RIT6, STM32H573RIV6, STM32H573VIT3Q, STM32H573VIT6, STM32H573ZIT3Q, STM32H573ZIT6, STM32L4R5QGI6STR, STM32MP131AAE3, STM32MP131AAF3, STM32MP131AAG3, STM32MP131CAE3, STM32MP131CAF3, STM32MP131CAG3, STM32MP131DAE7, STM32MP131DAF7, STM32MP131DAG7, STM32MP131FAE7, STM32MP131FAF7, STM32MP131FAG7, STM32MP133AAE3, STM32MP133AAF3, STM32MP133AAG3, STM32MP133CAE3, STM32MP133CAF3, STM32MP133CAG3, STM32MP133DAE7, STM32MP133DAF7, STM32MP133DAG7, STM32MP133FAE7, STM32MP133FAF7, STM32MP133FAG7, STM32MP135AAE3, STM32MP135AAF3, STM32MP135AAG3, STM32MP135CAE3, STM32MP135CAF3, STM32MP135CAG3, STM32MP135DAE7, STM32MP135DAF7, STM32MP135DAG7, STM32MP135F-DK, STM32MP135FAE7, STM32MP135FAF7, STM32MP135FAF7T, STM32MP135FAF7U, STM32MP135FAG7, STM32U535CBT6, STM32U535CBT6Q, STM32U535CBU6, STM32U535CBU6Q, STM32U535CCT6, STM32U535CCT6Q, STM32U535CCU6, STM32U535CCU6Q, STM32U535CET6, STM32U535CET6Q, STM32U535CEU6, STM32U535CEU6Q, STM32U535JEY6QTR, STM32U535NCY6QTR, STM32U535NEY6QTR, STM32U535RBI6, STM32U535RBI6Q, STM32U535RBT6, STM32U535RBT6Q, STM32U535RCI6, STM32U535RCI6Q, STM32U535RCT6, STM32U535RCT6Q, STM32U535REI6, STM32U535REI6Q, STM32U535RET6, STM32U535RET6Q, STM32U535VCI6, STM32U535VCI6Q, STM32U535VCT6, STM32U535VCT6Q, STM32U535VEI6, STM32U535VEI6Q, STM32U535VET6, STM32U535VET6Q, STM32U545CET6, STM32U545CET6Q, STM32U545CEU6, STM32U545CEU6Q, STM32U545JEY6QTR, STM32U545NEY6QTR, STM32U545REI6, STM32U545REI6Q, STM32U545RET6, STM32U545RET6Q, STM32U545VEI6, STM32U545VEI6Q, STM32U545VET6, STM32U545VET6Q, STM32U595AIH6, STM32U595AIH6Q, STM32U595AJH6, STM32U595AJH6Q, STM32U595QII6, STM32U595QII6Q, STM32U595QJI6, STM32U595QJI6Q, STM32U595RIT6, STM32U595RIT6Q, STM32U595RJT6, STM32U595RJT6Q, STM32U595VIT6, STM32U595VIT6Q, STM32U595VJT6, STM32U595VJT6Q, STM32U595ZIT6, STM32U595ZIT6Q, STM32U595ZIY6QTR, STM32U595ZJT6, STM32U595ZJT6Q, STM32U595ZJY6QTR, STM32U599BJY6QTR, STM32U599NIH6Q, STM32U599NJH6Q, STM32U599VIT6Q, STM32U599VJT6, STM32U599VJT6Q, STM32U599ZIT6Q, STM32U599ZIY6QTR, STM32U599ZJT6Q, STM32U599ZJY6QTR, STM32U5A5AJH6, STM32U5A5AJH6Q, STM32U5A5QJI6, STM32U5A5QJI6Q, STM32U5A5RJT6, STM32U5A5RJT6Q, STM32U5A5VJT6, STM32U5A5VJT6Q, STM32U5A5ZJT6, STM32U5A5ZJT6Q, STM32U5A5ZJY6QTR, STM32U5A9BJY6QTR, STM32U5A9J-DK, STM32U5A9NJH6Q, STM32U5A9VJT6Q, STM32U5A9ZJT6Q, STM32U5A9ZJY6QTR, STM32U5F7VIT6, STM32U5F7VIT6Q, STM32U5F7VJT6, STM32U5F7VJT6Q, STM32U5F9BJY6QTR, STM32U5F9NJH6Q, STM32U5F9VIT6Q, STM32U5F9VJT6Q, STM32U5F9ZIJ6QTR, STM32U5F9ZIT6Q, STM32U5F9ZJJ6QTR, STM32U5F9ZJT6Q, STM32U5G7VJT6, STM32U5G7VJT6Q, STM32U5G9BJY6QTR, STM32U5G9J-DK1, STM32U5G9J-DK2, STM32U5G9NJH6Q, STM32U5G9VJT6Q, STM32U5G9ZJJ6QTR, STM32U5G9ZJT6Q, STM32WB1MMCH6, STM32WBA52CEU6, STM32WBA52CEU6T, STM32WBA52CGU6, STM32WBA52CGU6T, STM32WBA52KEU6, STM32WBA52KEU6T, STM32WBA52KGU6, STM32WBA52KGU6T, STM32WL5MOCH6, STM32WL5MOCH6TR]
2023-09-18 20:05:14,619 [INFO] BoardInfo:880 - No configuration file found for board P-NUCLEO-WB55
2023-09-18 20:05:14,619 [INFO] DbBoards:157 - Kit is not supported: P-NUCLEO-WB55
2023-09-18 20:05:14,632 [INFO] BoardInfo:880 - No configuration file found for board STEVAL-BFA001V1B
2023-09-18 20:05:14,633 [INFO] DbBoards:157 - Kit is not supported: STEVAL-BFA001V1B
2023-09-18 20:05:14,635 [INFO] BoardInfo:880 - No configuration file found for board STEVAL-BFA001V2B
2023-09-18 20:05:14,635 [INFO] DbBoards:157 - Kit is not supported: STEVAL-BFA001V2B
2023-09-18 20:05:14,975 [INFO] DbBoards:161 - Found 190 boards, 187 are supported
2023-09-18 20:05:14,979 [INFO] ApiDb:423 - Load user favorites file C:\Users\pedro/.stm32cubeide/favorites.boards.txt: 0 item(s)
2023-09-18 20:05:14,979 [INFO] ApiDb:427 - User favorites Boards=[]
2023-09-18 20:05:14,979 [INFO] DbBoards:190 - Set 0 / 0 favorites Boards
2023-09-18 20:05:15,096 [INFO] LoadUrlFilesThread:185 - End of LoadServerUrlFiles without Thread
2023-09-18 20:05:15,096 [INFO] TargetSelectorAdapter:259 - Refresh data is successful
2023-09-18 20:05:15,143 [INFO] ApiDb:668 - CubeFinder database Data Model version=2.1
2023-09-18 20:05:15,144 [INFO] ApiDb:669 - CubeFinder database Configuration version=3.0.37
2023-09-18 20:05:15,144 [INFO] ApiDb:670 - CubeFinder database generation date=2023-08-09 (1691586011)
2023-09-18 20:05:15,144 [INFO] ApiDb:671 - CubeFinder database FW Pack versions=[FP-ATR-ASTRA1_V2.0.0, FP-SNS-FLIGHT1_V5.0.1, FP-SNS-FLIGHT1_V5.0.2, FP-SNS-MOTENV1_V4.3.1, FP-SNS-MOTENV1_V4.3.2, STM32Cube_FW_C0_V1.1.0, STM32Cube_FW_F4_V1.27.1, STM32Cube_FW_F7_V1.17.0, STM32Cube_FW_G0_V1.6.1, STM32Cube_FW_G4_V1.5.1, STM32Cube_FW_H5_V0.5.1, STM32Cube_FW_H5_V1.1.0, STM32Cube_FW_H7_V1.11.0, STM32Cube_FW_L0_V1.12.2, STM32Cube_FW_L5_V1.5.0, STM32Cube_FW_U5_V1.3.0, STM32Cube_FW_U5_V1.3.0RC4, STM32Cube_FW_WBA_V1.0.0RC1, STM32Cube_FW_WBA_V1.1.0, STM32Cube_FW_WBA_V1.1.0RC1, STM32Cube_FW_WB_V1.15.0RC1, STM32Cube_FW_WB_V1.16.0, STM32Cube_FW_WB_V1.16.0RC2, STM32Cube_FW_WB_V1.17.0, STM32Cube_FW_WL_V1.3.0, X-CUBE-ALGOBUILD_V1.3.0, X-CUBE-ALS_V1.0.1, X-CUBE-AZRTOS-F4_V1.1.0, X-CUBE-AZRTOS-F7_V1.1.0, X-CUBE-AZRTOS-G0_V1.1.0, X-CUBE-AZRTOS-G4_V2.0.0, X-CUBE-AZRTOS-H7_V3.1.0, X-CUBE-AZRTOS-L4_V1.0.0, X-CUBE-AZRTOS-L4_V2.0.0, X-CUBE-AZRTOS-L5_V1.1.0, X-CUBE-AZRTOS-WB_V1.1.0, X-CUBE-AZRTOS-WL_V2.0.0, X-CUBE-BLE1_V7.0.0, X-CUBE-BLE2_V3.3.0, X-CUBE-BLEMGR_V2.0.0, X-CUBE-EEPRMA1_V4.1.0, X-CUBE-FREERTOS_V1.1.0, X-CUBE-GNSS1_V6.0.0, X-CUBE-MEMS1_V9.1.0, X-CUBE-MEMS1_V9.4.0, X-CUBE-MEMS1_V9.6.0, X-CUBE-NFC4_V3.0.0, X-CUBE-NFC7_V1.0.0, X-CUBE-SFXS2LP1_V4.0.0, X-CUBE-SUBG2_V5.0.0, X-CUBE-TOF1_V3.3.1]
2023-09-18 20:05:18,944 [INFO] DbExamplesSqlite:395 - Ignored 27 examples not supported by CubeIDE
2023-09-18 20:05:18,944 [INFO] DbExamplesSqlite:396 - Found 7231 examples active
2023-09-18 20:05:18,945 [INFO] DbExamplesSqlite:397 - Found 677 examples obsolete
2023-09-18 20:05:18,945 [INFO] DbExamplesSqlite:398 - Found 0 examples under development
2023-09-18 20:05:18,945 [INFO] DbExamplesSqlite:399 - Found 74 examples not building
2023-09-18 20:05:18,961 [INFO] DbExamples:125 - Found 7278 examples
2023-09-18 20:05:18,980 [INFO] DbExamples:222 - Found 92 boards with related examples
2023-09-18 20:05:18,989 [INFO] DbExamples:235 - Found 78 MCUs with related examples
2023-09-18 20:05:19,065 [INFO] ApiDb:414 - User favorites file not found: C:\Users\pedro/.stm32cubeide/favorites.examples.txt
2023-09-18 20:05:19,072 [INFO] DbExamples:250 - Set 0 / 0 favorites Examples
2023-09-18 20:05:19,239 [INFO] McuFinderGlobals:76 - Set McuFinderConnectedMode to true
2023-09-18 20:05:19,251 [INFO] MultiScanPanel:200 - Auto-refresh data requested => check proxy status ongoing
2023-09-18 20:05:19,252 [INFO] FinderPluginLoader:95 - Searching for filters in installed packs
2023-09-18 20:05:21,460 [INFO] LoadUrlFilesThread:185 - End of LoadServerUrlFiles without Thread
2023-09-18 20:05:21,460 [INFO] DetailPanel:341 - Set advertising image to C:/Users/pedro/STM32Cube/Repository/\en.prom-stm32h5-mcu-finder.jpg
2023-09-18 20:05:51,085 [INFO] MultiScanPanel:200 - Auto-refresh data requested => check proxy status ongoing
2023-09-18 20:05:51,161 [INFO] LoadUrlFilesThread:185 - End of LoadServerUrlFiles without Thread
2023-09-18 20:05:51,161 [INFO] DetailPanel:341 - Set advertising image to C:/Users/pedro/STM32Cube/Repository/\en.prom-stm32h5-mcu-finder.jpg
2023-09-18 20:05:51,166 [INFO] DbBoards:634 - Loading board mini-images...
2023-09-18 20:05:53,757 [INFO] DbBoards:657 - Loaded 190 board mini-images
2023-09-18 20:06:10,739 [INFO] MainUpdater:2868 - connection check result : 10
2023-09-18 20:06:10,739 [INFO] MainUpdater:2868 - connection check result : 10
2023-09-18 20:06:10,868 [INFO] I2cTimingTraitement:330 - 0x20303E5D
2023-09-18 20:06:10,888 [INFO] MicroXplorer:468 - Change Database Path : 
2023-09-18 20:06:10,888 [INFO] MicroXplorer:498 - Change Database Version : DB.6.0.91
2023-09-18 20:06:10,947 [WARN] ThirdParty:871 - waiting for thirdparty lock release [close project]
2023-09-18 20:06:10,947 [INFO] ThirdParty:873 - entering critical section [close project]
2023-09-18 20:06:10,947 [INFO] ThirdParty:883 - exiting critical section [close project]
2023-09-18 20:06:10,948 [INFO] PinOutPanel:1499 - setPackage(No Configuration,No Configuration)
2023-09-18 20:06:10,958 [INFO] UtilMem:75 - Begin LoadConfig() Used Memory: 658858944 Bytes (912261120)
2023-09-18 20:06:10,962 [INFO] OpenFileManager:308 - Change cursor
2023-09-18 20:06:10,990 [INFO] RulesReader:64 - Compatibility file has been processed (293 Rules)
2023-09-18 20:06:11,006 [INFO] ProjectFactory:402 - No CPN specified for board STM32F072B-DISCO => set CPN to STM32F072RBT6
2023-09-18 20:06:11,006 [INFO] Mcu:1946 - Initializing MCU STM32F072R(8-B)Tx STM32F072RBTx STM32F072RBT6
2023-09-18 20:06:12,223 [INFO] Context:659 - Trying to add GPIOservice into a context  which must be forbidden
2023-09-18 20:06:12,495 [INFO] Rule:228 - rule 117617 - U5Cobra4M][GTZC] default value MPCBB3 and MPCBB5 - Not Secured memory - MPCBB1 is applicable
2023-09-18 20:06:12,495 [INFO] Rule:228 - rule 117617 - U5Cobra4M][GTZC] default value MPCBB3 and MPCBB5 - Not Secured memory - MPCBB1 is applicable
2023-09-18 20:06:12,495 [INFO] Rule:228 - rule 117617 - U5Cobra4M][GTZC] default value MPCBB3 and MPCBB5 - Not Secured memory - MPCBB2 is applicable
2023-09-18 20:06:12,495 [INFO] Rule:228 - rule 117617 - U5Cobra4M][GTZC] default value MPCBB3 and MPCBB5 - Not Secured memory - MPCBB2 is applicable
2023-09-18 20:06:12,496 [INFO] Rule:228 - rule 117617 - U5Cobra4M][GTZC] default value MPCBB3 and MPCBB5 - Not Secured memory - MPCBB3 is applicable
2023-09-18 20:06:12,496 [INFO] Rule:228 - rule 117617 - U5Cobra4M][GTZC] default value MPCBB3 and MPCBB5 - Not Secured memory - MPCBB3 is applicable
2023-09-18 20:06:12,496 [INFO] Rule:228 - rule 117617 - U5Cobra4M][GTZC] default value MPCBB3 and MPCBB5 - Not Secured memory - MPCBB4 is applicable
2023-09-18 20:06:12,496 [INFO] Rule:228 - rule 117617 - U5Cobra4M][GTZC] default value MPCBB3 and MPCBB5 - Not Secured memory - MPCBB4 is applicable
2023-09-18 20:06:12,496 [INFO] Rule:228 - rule 117617 - U5Cobra4M][GTZC] default value MPCBB3 and MPCBB5 - Secured memory - MPCBB1 is applicable
2023-09-18 20:06:12,496 [INFO] Rule:228 - rule 117617 - U5Cobra4M][GTZC] default value MPCBB3 and MPCBB5 - Secured memory - MPCBB2 is applicable
2023-09-18 20:06:12,496 [INFO] Rule:228 - rule 117617 - U5Cobra4M][GTZC] default value MPCBB3 and MPCBB5 - Secured memory - MPCBB3 is applicable
2023-09-18 20:06:12,496 [INFO] Rule:228 - rule 117617 - U5Cobra4M][GTZC] default value MPCBB3 and MPCBB5 - Secured memory - MPCBB4 is applicable
2023-09-18 20:06:12,496 [INFO] Rule:228 - rule 117617 - U5Cobra4M][GTZC] default value MPCBB3 and MPCBB5 - Privileged memory - MPCBB1 is applicable
2023-09-18 20:06:12,496 [INFO] Rule:228 - rule 117617 - U5Cobra4M][GTZC] default value MPCBB3 and MPCBB5 - Privileged memory - MPCBB2 is applicable
2023-09-18 20:06:12,496 [INFO] Rule:228 - rule 117617 - U5Cobra4M][GTZC] default value MPCBB3 and MPCBB5 - Privileged memory - MPCBB3 is applicable
2023-09-18 20:06:12,496 [INFO] Rule:228 - rule 117617 - U5Cobra4M][GTZC] default value MPCBB3 and MPCBB5 - Privileged memory - MPCBB4 is applicable
2023-09-18 20:06:12,496 [INFO] Rule:228 - rule 117617 - U5Cobra4M][GTZC] default value MPCBB3 and MPCBB5 - Not Privileged memory - MPCBB1 is applicable
2023-09-18 20:06:12,496 [INFO] Rule:228 - rule 117617 - U5Cobra4M][GTZC] default value MPCBB3 and MPCBB5 - Not Privileged memory - MPCBB2 is applicable
2023-09-18 20:06:12,496 [INFO] Rule:228 - rule 117617 - U5Cobra4M][GTZC] default value MPCBB3 and MPCBB5 - Not Privileged memory - MPCBB3 is applicable
2023-09-18 20:06:12,496 [INFO] Rule:228 - rule 117617 - U5Cobra4M][GTZC] default value MPCBB3 and MPCBB5 - Not Privileged memory - MPCBB4 is applicable
2023-09-18 20:06:12,496 [INFO] Rule:228 - rule 117617 - U5Cobra4M][GTZC] default value MPCBB3 and MPCBB5 - Privileged memory - MPCBB1 is applicable
2023-09-18 20:06:12,496 [INFO] Rule:228 - rule 117617 - U5Cobra4M][GTZC] default value MPCBB3 and MPCBB5 - Privileged memory - MPCBB2 is applicable
2023-09-18 20:06:12,496 [INFO] Rule:228 - rule 117617 - U5Cobra4M][GTZC] default value MPCBB3 and MPCBB5 - Privileged memory - MPCBB3 is applicable
2023-09-18 20:06:12,496 [INFO] Rule:228 - rule 117617 - U5Cobra4M][GTZC] default value MPCBB3 and MPCBB5 - Privileged memory - MPCBB4 is applicable
2023-09-18 20:06:12,496 [INFO] Rule:228 - rule 117617 - U5Cobra4M][GTZC] default value MPCBB3 and MPCBB5 - Privileged memory - MPCBB1 is applicable
2023-09-18 20:06:12,496 [INFO] Rule:228 - rule 117617 - U5Cobra4M][GTZC] default value MPCBB3 and MPCBB5 - Privileged memory - MPCBB2 is applicable
2023-09-18 20:06:12,496 [INFO] Rule:228 - rule 117617 - U5Cobra4M][GTZC] default value MPCBB3 and MPCBB5 - Privileged memory - MPCBB3 is applicable
2023-09-18 20:06:12,496 [INFO] Rule:228 - rule 117617 - U5Cobra4M][GTZC] default value MPCBB3 and MPCBB5 - Privileged memory - MPCBB4 is applicable
2023-09-18 20:06:12,496 [INFO] Rule:228 - rule 117617 - U5Cobra4M][GTZC] default value MPCBB3 and MPCBB5 - Not Privileged memory - MPCBB1 is applicable
2023-09-18 20:06:12,496 [INFO] Rule:228 - rule 117617 - U5Cobra4M][GTZC] default value MPCBB3 and MPCBB5 - Not Privileged memory - MPCBB2 is applicable
2023-09-18 20:06:12,496 [INFO] Rule:228 - rule 117617 - U5Cobra4M][GTZC] default value MPCBB3 and MPCBB5 - Not Privileged memory - MPCBB3 is applicable
2023-09-18 20:06:12,496 [INFO] Rule:228 - rule 117617 - U5Cobra4M][GTZC] default value MPCBB3 and MPCBB5 - Not Privileged memory - MPCBB4 is applicable
2023-09-18 20:06:12,496 [INFO] Rule:228 - rule 117617 - U5Cobra4M][GTZC] default value MPCBB3 and MPCBB5 - Privileged memory - MPCBB1 is applicable
2023-09-18 20:06:12,496 [INFO] Rule:228 - rule 117617 - U5Cobra4M][GTZC] default value MPCBB3 and MPCBB5 - Privileged memory - MPCBB2 is applicable
2023-09-18 20:06:12,496 [INFO] Rule:228 - rule 117617 - U5Cobra4M][GTZC] default value MPCBB3 and MPCBB5 - Privileged memory - MPCBB3 is applicable
2023-09-18 20:06:12,496 [INFO] Rule:228 - rule 117617 - U5Cobra4M][GTZC] default value MPCBB3 and MPCBB5 - Privileged memory - MPCBB4 is applicable
2023-09-18 20:06:12,496 [INFO] Rule:228 - rule Rename SubGHz_Phy SUBGHZ_APPLICATION SUBGHZ_PINGPONG to SUBGHZ_ADV_APPLICATION is applicable
2023-09-18 20:06:12,496 [INFO] Rule:228 - rule Rename Enabled to IBEACON is applicable
2023-09-18 20:06:12,496 [INFO] Rule:228 - rule GTZC_S instance for project manager is applicable
2023-09-18 20:06:12,496 [INFO] Rule:228 - rule GTZC_S instance for context M33S is applicable
2023-09-18 20:06:12,496 [INFO] Rule:228 - rule GTZC_S instance value for IP GTZC is applicable
2023-09-18 20:06:12,496 [INFO] Rule:228 - rule GTZC_S instance for mcu.IP is applicable
2023-09-18 20:06:12,496 [INFO] Rule:228 - rule GTZC_S instance for VP is applicable
2023-09-18 20:06:12,496 [INFO] Rule:228 - rule GTZC_S instance for signal is applicable
2023-09-18 20:06:12,496 [INFO] Rule:228 - rule GTZC_S instance for mcu.Pin is applicable
2023-09-18 20:06:12,497 [INFO] Rule:228 - rule GTZC_S instance for VP is applicable
2023-09-18 20:06:12,497 [INFO] Rule:228 - rule GTZC_S instance for signal is applicable
2023-09-18 20:06:12,497 [INFO] Rule:228 - rule GTZC_S instance for mcu is applicable
2023-09-18 20:06:12,497 [INFO] Rule:228 - rule GTZC_S instance for mcu.Pin is applicable
2023-09-18 20:06:12,497 [INFO] Rule:228 - rule GTZC_S instance value for IP GTZC is applicable
2023-09-18 20:06:12,497 [INFO] Rule:228 - rule GTZC_S instance for project manager is applicable
2023-09-18 20:06:12,497 [INFO] Rule:228 - rule GTZC_S instance for context M33S is applicable
2023-09-18 20:06:12,497 [INFO] Rule:228 - rule GTZC_S instance for VP is applicable
2023-09-18 20:06:12,497 [INFO] Rule:228 - rule GTZC_S instance for signal is applicable
2023-09-18 20:06:12,497 [INFO] Rule:228 - rule SPDIFRX instance for mcu is applicable
2023-09-18 20:06:12,497 [INFO] Rule:228 - rule Rename Tracer Mode is applicable
2023-09-18 20:06:12,497 [INFO] Rule:228 - rule SPDIFRX instance value for IP SPDIFRX is applicable
2023-09-18 20:06:12,497 [INFO] Rule:228 - rule SPDIFRX instance for signal is applicable
2023-09-18 20:06:12,497 [INFO] Rule:228 - rule SPDIFRX instance for project manager is applicable
2023-09-18 20:06:12,497 [INFO] Rule:228 - rule SPDIFRX instance for project manager is applicable
2023-09-18 20:06:12,497 [INFO] Rule:228 - rule ADC Scan  fix with FW F7 is applicable
2023-09-18 20:06:12,497 [INFO] Rule:228 - rule ADC Scan  fix with FW F7 is applicable
2023-09-18 20:06:12,497 [INFO] Rule:228 - rule WakeUp0 Mode is applicable
2023-09-18 20:06:12,497 [INFO] Rule:228 - rule WakeUp0 SIGNAL is applicable
2023-09-18 20:06:12,497 [INFO] Rule:228 - rule WakeUp1 Mode is applicable
2023-09-18 20:06:12,497 [INFO] Rule:228 - rule WakeUp1 SIGNAL is applicable
2023-09-18 20:06:12,497 [INFO] Rule:228 - rule WakeUp2 Mode is applicable
2023-09-18 20:06:12,497 [INFO] Rule:228 - rule WakeUp2 SIGNAL is applicable
2023-09-18 20:06:12,497 [INFO] Rule:228 - rule WakeUp4 Mode is applicable
2023-09-18 20:06:12,497 [INFO] Rule:228 - rule WakeUp4 SIGNAL is applicable
2023-09-18 20:06:12,497 [INFO] Rule:228 - rule WakeUp5 Mode is applicable
2023-09-18 20:06:12,497 [INFO] Rule:228 - rule WakeUp5 SIGNAL is applicable
2023-09-18 20:06:12,497 [INFO] Rule:228 - rule UART/USART WORD LENGTH 7 is applicable
2023-09-18 20:06:12,497 [INFO] Rule:228 - rule UART/USART WORD LENGTH 8 is applicable
2023-09-18 20:06:12,497 [INFO] Rule:228 - rule UART/USART WORD LENGTH 9 is applicable
2023-09-18 20:06:12,497 [INFO] Rule:228 - rule Change Default Value for LSE Drive Capability for WB family is applicable
2023-09-18 20:06:12,497 [INFO] Rule:228 - rule Change Default Value for ADC Clock Prescaler G0 family is applicable
2023-09-18 20:06:12,497 [INFO] Rule:228 - rule ADC SamplingTime fix with FW L0  is applicable
2023-09-18 20:06:12,497 [INFO] Rule:228 - rule ADC SamplingTime fix with FW L0  is applicable
2023-09-18 20:06:12,497 [INFO] Rule:228 - rule ADC SamplingTime fix with FW L0 is applicable
2023-09-18 20:06:12,497 [INFO] Rule:228 - rule ADC SamplingTime fix with FW L0 is applicable
2023-09-18 20:06:12,497 [INFO] Rule:228 - rule ADC SamplingTime fix with FW L0  is applicable
2023-09-18 20:06:12,497 [INFO] Rule:228 - rule ADC SamplingTime fix with FW L0 is applicable
2023-09-18 20:06:12,497 [INFO] Rule:228 - rule Rename USB_OE Signal is applicable
2023-09-18 20:06:12,498 [INFO] Rule:228 - rule Rename Activate_OE Mode is applicable
2023-09-18 20:06:12,498 [INFO] Rule:228 - rule Rename DIE462/DIE415 pin PC14/OSC32_IN -> PC14-OSC32_IN (PC14) is applicable
2023-09-18 20:06:12,498 [INFO] Rule:228 - rule Rename DIE462/DIE415 pin PC15/OSC32_OUT -> PC15-OSC32_OUT (PC15) is applicable
2023-09-18 20:06:12,498 [INFO] Rule:228 - rule Rename DIE462/DIE415 pin PH0/OSC_IN -> PH0-OSC_IN (PH0) is applicable
2023-09-18 20:06:12,498 [INFO] Rule:228 - rule Rename DIE462/DIE415 pin PH1/OSC_OUT -> PH1-OSC_OUT (PH1) is applicable
2023-09-18 20:06:12,498 [INFO] Rule:228 - rule Rename DIE462 pin PA13 -> PA13 (JTMS/SWDIO) is applicable
2023-09-18 20:06:12,498 [INFO] Rule:228 - rule Rename DIE415 pin PA13 -> PA13 (JTMS/SWDIO) is applicable
2023-09-18 20:06:12,498 [INFO] Rule:228 - rule Rename DIE462 pin PA14 -> PA14 (JTCK/SWCLK) is applicable
2023-09-18 20:06:12,498 [INFO] Rule:228 - rule Rename DIE415 pin PA14 -> PA14 (JTCK/SWCLK) is applicable
2023-09-18 20:06:12,498 [INFO] Rule:228 - rule Rename DIE462/DIE415 pin PA15 -> PA15 (JTDI) is applicable
2023-09-18 20:06:12,498 [INFO] Rule:228 - rule Rename DIE462 pin PB3 -> PB3 (JTD0/TRACESWO) is applicable
2023-09-18 20:06:12,498 [INFO] Rule:228 - rule Rename DIE415 pin PB3 -> PB3 (JTD0-TRACESWO) is applicable
2023-09-18 20:06:12,498 [INFO] Rule:228 - rule Rename DIE462/DIE415 pin PB4 -> PB4 (NJTRST) is applicable
2023-09-18 20:06:12,498 [INFO] Rule:228 - rule Rename DIE462 pin PH3/BOOT0 -> PH3-BOOT0 (BOOT0) is applicable
2023-09-18 20:06:12,498 [INFO] Rule:228 - rule Rename CRYP DataEncryptionTypesList to Algorithm is applicable
2023-09-18 20:06:12,498 [INFO] Rule:228 - rule Rename AES DataEncryptionTypesList to Algorithm is applicable
2023-09-18 20:06:12,498 [INFO] Rule:228 - rule Rename TDESECB to CRYP_TDES_ECB is applicable
2023-09-18 20:06:12,498 [INFO] Rule:228 - rule Rename TDESCBC to CRYP_TDES_CBC is applicable
2023-09-18 20:06:12,498 [INFO] Rule:228 - rule Rename DESECB to CRYP_DES_ECB is applicable
2023-09-18 20:06:12,498 [INFO] Rule:228 - rule Rename DESCBC to CRYP_DES_CBC is applicable
2023-09-18 20:06:12,498 [INFO] Rule:228 - rule Rename AESECB to CRYP_AES_ECB is applicable
2023-09-18 20:06:12,498 [INFO] Rule:228 - rule Rename AESCBC to CRYP_AES_CBC is applicable
2023-09-18 20:06:12,498 [INFO] Rule:228 - rule Rename AESCTR to CRYP_AES_CTR is applicable
2023-09-18 20:06:12,498 [INFO] Rule:228 - rule Rename AESGCM to CRYP_AES_GCM is applicable
2023-09-18 20:06:12,498 [INFO] Rule:228 - rule Rename AESCCM to CRYP_AES_CCM is applicable
2023-09-18 20:06:12,498 [INFO] Rule:228 - rule Rename CAN TimeSeg1 to BS1 is applicable
2023-09-18 20:06:12,498 [INFO] Rule:228 - rule Rename CAN TimeSeg2 to BS2 is applicable
2023-09-18 20:06:12,498 [INFO] Rule:228 - rule Rename CAN SyncJumpWidth to SJW is applicable
2023-09-18 20:06:12,498 [INFO] Rule:228 - rule TimeTriggeredMode to TTCM is applicable
2023-09-18 20:06:12,498 [INFO] Rule:228 - rule Rename CAN AutoBusOff to ABOM is applicable
2023-09-18 20:06:12,498 [INFO] Rule:228 - rule Rename CAN AutoWakeUp to AWUM is applicable
2023-09-18 20:06:12,498 [INFO] Rule:228 - rule Rename CAN AutoRetransmission to NART is applicable
2023-09-18 20:06:12,498 [INFO] Rule:228 - rule Rename CAN ReceiveFifoLocked to RFLM is applicable
2023-09-18 20:06:12,498 [INFO] Rule:228 - rule Rename CAN TransmitFifoPriority to TXFP is applicable
2023-09-18 20:06:12,498 [INFO] Rule:228 - rule Rename HRTIMER HRTIM_OUTPUTFAULTLEVEL_HIGH in HRTIMER HRTIM_OUTPUTFAULTLEVEL_HIGHZ is applicable
2023-09-18 20:06:12,498 [INFO] Rule:228 - rule Rename TIMER TIM_CLEARINPUTSOURCE_OCREFCLR in  TIMER TIM_CLEARINPUTSOURCE_NONE for F7 family is applicable
2023-09-18 20:06:12,498 [INFO] Rule:228 - rule FDCAN_R1 - Rename FDCAN mode Master into Classic is applicable
2023-09-18 20:06:12,498 [INFO] Rule:228 - rule FDCAN_R2 - Rename FDCAN mode Slave into Classic is applicable
2023-09-18 20:06:12,498 [INFO] Rule:228 - rule FDCAN1_R3 - if PA10.Mode=FullDuplex, add Pin PA12 is applicable
2023-09-18 20:06:12,498 [INFO] Rule:228 - rule FDCAN1_R3 - if PA9.Mode=FullDuplex, add Pin PA11 is applicable
2023-09-18 20:06:12,498 [INFO] Rule:228 - rule FDCAN1_R3 - Alternatepin_1 - if PE1.Mode=FullDuplex, add Pin PB9 is applicable
2023-09-18 20:06:12,498 [INFO] Rule:228 - rule FDCAN1_R3 - Alternatepin_1 - if PE0.Mode=FullDuplex, add Pin PB8 is applicable
2023-09-18 20:06:12,498 [INFO] Rule:228 - rule FDCAN1_R3 - Alternatepin_2 - if PD5.Mode=FullDuplex, add Pin PD1 is applicable
2023-09-18 20:06:12,498 [INFO] Rule:228 - rule FDCAN1_R3 - Alternatepin_2 - if PD4.Mode=FullDuplex, add Pin PD0 is applicable
2023-09-18 20:06:12,498 [INFO] Rule:228 - rule FDCAN1_R4 - Rename Mode FullDuplex into Enable FDCAN_TXFD for pin PA10 is applicable
2023-09-18 20:06:12,499 [INFO] Rule:228 - rule FDCAN1_R4 - Rename Mode FullDuplex into Enable FDCAN_TXFD for pin PA9 is applicable
2023-09-18 20:06:12,499 [INFO] Rule:228 - rule FDCAN1_R4 - Alternatepin_1 - Rename Mode FullDuplex into Enable FDCAN_TXFD for pin PE1 is applicable
2023-09-18 20:06:12,499 [INFO] Rule:228 - rule FDCAN1_R4 - Alternatepin_1 - Rename Mode FullDuplex into Enable FDCAN_TXFD for pin PE0 is applicable
2023-09-18 20:06:12,499 [INFO] Rule:228 - rule FDCAN1_R4 - Alternatepin_2 - Rename Mode FullDuplex into Enable FDCAN_TXFD for pin PD5 is applicable
2023-09-18 20:06:12,499 [INFO] Rule:228 - rule FDCAN1_R4 - Alternatepin_2 - Rename Mode FullDuplex into Enable FDCAN_TXFD for pin PD4 is applicable
2023-09-18 20:06:12,499 [INFO] Rule:228 - rule FDCAN2_R3 - if PD10.Mode=FullDuplex, add Pin PB13 is applicable
2023-09-18 20:06:12,499 [INFO] Rule:228 - rule FDCAN2_R3 - if PD9.Mode=FullDuplex, add Pin PB12 is applicable
2023-09-18 20:06:12,499 [INFO] Rule:228 - rule FDCAN2_R3 - Alternatepin_1 - if PB7.Mode=FullDuplex, add Pin PB6 is applicable
2023-09-18 20:06:12,499 [INFO] Rule:228 - rule FDCAN2_R3 - Alternatepin_1 - if PD9.Mode=FullDuplex, add Pin PB12 is applicable
2023-09-18 20:06:12,499 [INFO] Rule:228 - rule FDCAN2_R4 - Rename Mode FullDuplex into Enable FDCAN_TXFD for pin PD10 is applicable
2023-09-18 20:06:12,499 [INFO] Rule:228 - rule FDCAN2_R4 - Rename Mode FullDuplex into Enable FDCAN_TXFD for pin PD9 is applicable
2023-09-18 20:06:12,499 [INFO] Rule:228 - rule FDCAN2_R4 - Alternatepin_1 - Rename Mode FullDuplex into Enable FDCAN_TXFD for pin PB7 is applicable
2023-09-18 20:06:12,499 [INFO] Rule:228 - rule FDCAN2_R4 - Alternatepin_1 - Rename Mode FullDuplex into Enable FDCAN_TXFD for pin PD6 is applicable
2023-09-18 20:06:12,499 [INFO] Rule:228 - rule USART TxPinLevelInvertParam Mode is applicable
2023-09-18 20:06:12,499 [INFO] Rule:228 - rule USART RxPinLevelInvertParam Mode is applicable
2023-09-18 20:06:12,499 [INFO] Rule:228 - rule USART DataInvertParam Mode is applicable
2023-09-18 20:06:12,499 [INFO] Rule:228 - rule USART SwapParam Mode is applicable
2023-09-18 20:06:12,499 [INFO] Rule:228 - rule USART OverrunDisableParam Mode is applicable
2023-09-18 20:06:12,499 [INFO] Rule:228 - rule USART DMADisableonRxErrorParam Mode is applicable
2023-09-18 20:06:12,499 [INFO] Rule:228 - rule USART MSBFirstParam Mode is applicable
2023-09-18 20:06:12,499 [INFO] Rule:228 - rule Update MwName for USB_DEVICE is applicable
2023-09-18 20:06:12,499 [INFO] Rule:228 - rule Change PWR_Regulator_Voltage_Scale Default Value for RCC  H7 family is applicable
2023-09-18 20:06:12,499 [INFO] Rule:228 - rule UART/USART IPParameter rename Prescaler parameter to ClockPrescaler is applicable
2023-09-18 20:06:12,499 [INFO] Rule:228 - rule UART/USART Prescaler rename Prescaler parameter to ClockPrescaler is applicable
2023-09-18 20:06:12,499 [INFO] Rule:228 - rule TIM1CLockSelection is applicable
2023-09-18 20:06:12,499 [INFO] Rule:228 - rule TIM15CLockSelection is applicable
2023-09-18 20:06:12,499 [INFO] Rule:228 - rule align RCC SDMMC3CLockSelection default value on MP1 is applicable
2023-09-18 20:06:12,499 [INFO] Rule:228 - rule align RCC SDMMC12CLockSelection default value on MP1 is applicable
2023-09-18 20:06:12,499 [INFO] Rule:228 - rule align RCC QSPICLockSelection default value on MP1 is applicable
2023-09-18 20:06:12,499 [INFO] Rule:228 - rule align RCC QSPICLockSelection default value on MP1 is applicable
2023-09-18 20:06:12,499 [INFO] Rule:228 - rule align RCC SPI6CLockSelection default value on MP1 is applicable
2023-09-18 20:06:12,499 [INFO] Rule:228 - rule align RCC LPTIM23CLockSelection default value on MP1 is applicable
2023-09-18 20:06:12,499 [INFO] Rule:228 - rule align RCC LPTIM1CLockSelection default value on MP1 is applicable
2023-09-18 20:06:12,499 [INFO] Rule:228 - rule align RCC USART1CLockSelection default value on MP1 is applicable
2023-09-18 20:06:12,499 [INFO] Rule:228 - rule align RCC USART24CLockSelection default value on MP1 is applicable
2023-09-18 20:06:12,499 [INFO] Rule:228 - rule align RCC USART6CLockSelection default value on MP1 is applicable
2023-09-18 20:06:12,499 [INFO] Rule:228 - rule align RCC UART78CLockSelection default value on MP1 is applicable
2023-09-18 20:06:12,499 [INFO] Rule:228 - rule align RCC USART35CLockSelection default value on MP1 is applicable
2023-09-18 20:06:12,499 [INFO] Rule:228 - rule align RCC SPI45CLockSelection default value on MP1 is applicable
2023-09-18 20:06:12,499 [INFO] Rule:228 - rule align RCC I2C46CLockSelection BCLK value on MP1 is applicable
2023-09-18 20:06:12,499 [INFO] Rule:228 - rule align RCC SPI45CLockSelection default value on MP1 is applicable
2023-09-18 20:06:12,499 [INFO] Rule:228 - rule align RCC I2C12CLockSelection default value on MP1 is applicable
2023-09-18 20:06:12,499 [INFO] Rule:228 - rule align RCC I2C35CLockSelection default value on MP1 is applicable
2023-09-18 20:06:12,499 [INFO] Rule:228 - rule align RCC LPTIM45CLockSelection default value on MP1 is applicable
2023-09-18 20:06:12,499 [INFO] Rule:228 - rule Rename DCMI PIXCK signal is applicable
2023-09-18 20:06:12,499 [INFO] Rule:228 - rule Change Default Value for I2C46CLockSelection MP1 family is applicable
2023-09-18 20:06:12,500 [INFO] Rule:228 - rule Change Default Value for UART for G4, G0 and WB families is applicable
2023-09-18 20:06:12,500 [INFO] Rule:228 - rule Change Default Value for USART for G4, G0 and WB families is applicable
2023-09-18 20:06:12,500 [INFO] Rule:228 - rule Change Default Value for USART for G4 family is applicable
2023-09-18 20:06:12,500 [INFO] Rule:228 - rule Change USART1CLockSelection refparam name for MP1 is applicable
2023-09-18 20:06:12,500 [INFO] Rule:228 - rule Change USART2CLockSelection refparam name for MP1 is applicable
2023-09-18 20:06:12,500 [INFO] Rule:228 - rule Change USART3CLockSelection refparam name for MP1 is applicable
2023-09-18 20:06:12,500 [INFO] Rule:228 - rule Change UART4CLockSelection refparam name for MP1 is applicable
2023-09-18 20:06:12,500 [INFO] Rule:228 - rule Change UART5CLockSelection refparam name for MP1 is applicable
2023-09-18 20:06:12,500 [INFO] Rule:228 - rule Change LPUART1CLockSelection refparam name for MP1 is applicable
2023-09-18 20:06:12,500 [INFO] Rule:228 - rule Change LPTIM1CLockSelection refparam name for MP1 is applicable
2023-09-18 20:06:12,500 [INFO] Rule:228 - rule Change LPTIM2CLockSelection refparam name for MP1 is applicable
2023-09-18 20:06:12,500 [INFO] Rule:228 - rule Change RCC_MCO1Source refparam name for MP1 is applicable
2023-09-18 20:06:12,500 [INFO] Rule:228 - rule Change LSCOSource1 refparam name for MP1 is applicable
2023-09-18 20:06:12,500 [INFO] Rule:228 - rule Change SMPSCLockSelection refparam name for MP1 is applicable
2023-09-18 20:06:12,500 [INFO] Rule:228 - rule Change LPTIM3CLockSelection refparam name for MP1 is applicable
2023-09-18 20:06:12,500 [INFO] Rule:228 - rule Change MPCBB* Default Template Mode to Parameters is applicable
2023-09-18 20:06:12,500 [INFO] Rule:228 - rule Change MPCWM* or MPCBB* Secure Mode to Parameters is applicable
2023-09-18 20:06:12,500 [INFO] Rule:228 - rule Change MPCWM* or MPCBB* No Secure Mode to Parameters is applicable
2023-09-18 20:06:12,500 [INFO] Rule:228 - rule Change TZSC IP Secure Mode to Parameters is applicable
2023-09-18 20:06:12,500 [INFO] Rule:228 - rule Change TZSC IP No Secure Mode to Parameters is applicable
2023-09-18 20:06:12,500 [INFO] Rule:228 - rule Change TZSC IP Privilege Mode to Parameters is applicable
2023-09-18 20:06:12,500 [INFO] Rule:228 - rule Change TZSC IP No Privilege Mode to Parameters is applicable
2023-09-18 20:06:12,500 [INFO] Rule:228 - rule Change TZIC IT Secure Mode to Parameters is applicable
2023-09-18 20:06:12,500 [INFO] Rule:228 - rule Change TZIC IT No Secure Mode to Parameters is applicable
2023-09-18 20:06:12,500 [INFO] Rule:228 - rule Add MPCBB1_NonSecureArea_Start_Address value with referenced to MPCBB1_NonSecureArea_Start value is applicable
2023-09-18 20:06:12,500 [INFO] Rule:228 - rule Add MPCBB2_NonSecureArea_Start_Address value with referenced to MPCBB2_NonSecureArea_Start value is applicable
2023-09-18 20:06:12,500 [INFO] Rule:228 - rule Add MPCWM1_NonSecureArea*_Start_Address value with referenced to MPCWM1_NonSecureArea*_Start value is applicable
2023-09-18 20:06:12,500 [INFO] Rule:228 - rule Add MPCWM2_NonSecureArea*_Start_Address value with referenced to MPCWM2_NonSecureArea*_Start value is applicable
2023-09-18 20:06:12,500 [INFO] Rule:228 - rule Add MPCWM3_NonSecureArea_Start_Address value with referenced to MPCWM3_NonSecureArea_Start value is applicable
2023-09-18 20:06:12,500 [INFO] Rule:228 - rule Change Default Value for PLL1UserDefinedConfig is applicable
2023-09-18 20:06:12,500 [INFO] Rule:228 - rule Change GPIO_PuPd Default Value for USART in async mode is applicable
2023-09-18 20:06:12,500 [INFO] Rule:228 - rule Change SMPSDivider Default Value is applicable
2023-09-18 20:06:12,500 [INFO] Rule:228 - rule OPAMP is applicable
2023-09-18 20:06:12,500 [INFO] Rule:228 - rule LPUART IPParameter rename Prescaler parameter to ClockPrescaler for STM32H7 is applicable
2023-09-18 20:06:12,500 [INFO] Rule:228 - rule LPUART IPParameter rename Prescaler parameter to ClockPrescaler for STM32H7 is applicable
2023-09-18 20:06:12,500 [INFO] Rule:228 - rule LPUART IPParameter rename Prescaler parameter to ClockPrescaler for STM32WB is applicable
2023-09-18 20:06:12,500 [INFO] Rule:228 - rule LPUART IPParameter rename Prescaler parameter to ClockPrescaler for STM32WB is applicable
2023-09-18 20:06:12,500 [INFO] Rule:228 - rule LPUART IPParameter rename Prescaler parameter to ClockPrescaler for STM32G4 is applicable
2023-09-18 20:06:12,500 [INFO] Rule:228 - rule LPUART IPParameter rename Prescaler parameter to ClockPrescaler for STM32G4 is applicable
2023-09-18 20:06:12,500 [INFO] Rule:228 - rule LPUART IPParameter rename Prescaler parameter to ClockPrescaler for STM32L5 is applicable
2023-09-18 20:06:12,500 [INFO] Rule:228 - rule LPUART IPParameter rename Prescaler parameter to ClockPrescaler for STM32L5 is applicable
2023-09-18 20:06:12,500 [INFO] Rule:228 - rule LPUART IPParameter rename Prescaler parameter to ClockPrescaler for STM32G4 is applicable
2023-09-18 20:06:12,500 [INFO] Rule:228 - rule LPUART IPParameter rename Prescaler parameter to ClockPrescaler for STM32G4 is applicable
2023-09-18 20:06:12,500 [INFO] Rule:228 - rule USB device lib V2.5.3 for L0 rename USBD_SUPPORT_USER_STRING parameter to USBD_SUPPORT_USER_STRING_DESC4 is applicable
2023-09-18 20:06:12,500 [INFO] Rule:228 - rule I2SCLockSelection clock entry align is applicable
2023-09-18 20:06:12,500 [INFO] Rule:228 - rule Assign TIMx context if used as SYS timebase is applicable
2023-09-18 20:06:12,501 [INFO] Rule:228 - rule Change GPIO_Pu Default Value for I2C is applicable
2023-09-18 20:06:12,501 [INFO] Rule:228 - rule Change GPIO_Pu Default Value for SMBus is applicable
2023-09-18 20:06:12,501 [INFO] Rule:228 - rule change FDCAN default value is applicable
2023-09-18 20:06:12,501 [INFO] Rule:228 - rule Change mode sai is applicable
2023-09-18 20:06:12,501 [INFO] Rule:228 - rule **Change sai mode is applicable
2023-09-18 20:06:12,509 [INFO] DbConfProperties:307 - Apply Compatibility (26/226 Rules)
2023-09-18 20:06:12,536 [INFO] ImportTextPane:194 - (OptionalMessage_ERROR) Unable to find key (Mcu.ThirdPartyNb) in loaded IOC file
2023-09-18 20:06:12,556 [WARN] ModelIntegratedComponent:63 - No mode defined for component null
2023-09-18 20:06:12,556 [WARN] ModelIntegratedComponent:63 - No mode defined for component null
2023-09-18 20:06:12,556 [WARN] ModelIntegratedComponent:63 - No mode defined for component null
2023-09-18 20:06:12,556 [WARN] ModelIntegratedComponent:63 - No mode defined for component null
2023-09-18 20:06:12,557 [WARN] ModelIntegratedComponent:63 - No mode defined for component null
2023-09-18 20:06:12,557 [WARN] ModelIntegratedComponent:63 - No mode defined for component null
2023-09-18 20:06:12,557 [WARN] ModelIntegratedComponent:63 - No mode defined for component null
2023-09-18 20:06:12,557 [WARN] ModelIntegratedComponent:63 - No mode defined for component null
2023-09-18 20:06:12,557 [WARN] ModelIntegratedComponent:63 - No mode defined for component null
2023-09-18 20:06:12,557 [WARN] ModelIntegratedComponent:63 - No mode defined for component null
2023-09-18 20:06:12,557 [WARN] ModelIntegratedComponent:63 - No mode defined for component null
2023-09-18 20:06:12,557 [WARN] ModelIntegratedComponent:63 - No mode defined for component null
2023-09-18 20:06:12,557 [WARN] ModelIntegratedComponent:63 - No mode defined for component null
2023-09-18 20:06:12,557 [WARN] ModelIntegratedComponent:63 - No mode defined for component null
2023-09-18 20:06:12,557 [WARN] ModelIntegratedComponent:63 - No mode defined for component null
2023-09-18 20:06:12,557 [WARN] ModelIntegratedComponent:63 - No mode defined for component null
2023-09-18 20:06:12,557 [WARN] ModelIntegratedComponent:63 - No mode defined for component null
2023-09-18 20:06:12,557 [WARN] ModelIntegratedComponent:63 - No mode defined for component null
2023-09-18 20:06:12,558 [WARN] ModelIntegratedComponent:63 - No mode defined for component null
2023-09-18 20:06:12,558 [WARN] ModelIntegratedComponent:63 - No mode defined for component null
2023-09-18 20:06:12,558 [WARN] ModelIntegratedComponent:63 - No mode defined for component null
2023-09-18 20:06:12,558 [WARN] ModelIntegratedComponent:63 - No mode defined for component null
2023-09-18 20:06:12,558 [WARN] ModelIntegratedComponent:63 - No mode defined for component null
2023-09-18 20:06:12,558 [WARN] ModelIntegratedComponent:63 - No mode defined for component null
2023-09-18 20:06:12,558 [WARN] ModelIntegratedComponent:63 - No mode defined for component null
2023-09-18 20:06:12,558 [WARN] ModelIntegratedComponent:63 - No mode defined for component null
2023-09-18 20:06:12,558 [WARN] ModelIntegratedComponent:63 - No mode defined for component null
2023-09-18 20:06:12,558 [WARN] ModelIntegratedComponent:63 - No mode defined for component null
2023-09-18 20:06:12,558 [WARN] ModelIntegratedComponent:63 - No mode defined for component null
2023-09-18 20:06:12,558 [WARN] ModelIntegratedComponent:63 - No mode defined for component null
2023-09-18 20:06:12,558 [WARN] ModelIntegratedComponent:63 - No mode defined for component null
2023-09-18 20:06:12,559 [WARN] ModelIntegratedComponent:63 - No mode defined for component null
2023-09-18 20:06:12,559 [WARN] ModelIntegratedComponent:63 - No mode defined for component null
2023-09-18 20:06:12,563 [INFO] RtosManager:555 - Registered RTOS mode: class=CMSIS, group=RTOS, mode=CMSIS_V1, owner=FREERTOS
2023-09-18 20:06:12,563 [INFO] RtosManager:555 - Registered RTOS mode: class=CMSIS, group=RTOS2, mode=CMSIS_V2, owner=FREERTOS
2023-09-18 20:06:12,563 [INFO] RtosManager:555 - Registered RTOS mode: class=RTOS, group=Core, mode=CMSIS_V1, owner=FREERTOS
2023-09-18 20:06:12,563 [INFO] RtosManager:555 - Registered RTOS mode: class=RTOS, group=Core, mode=CMSIS_V2, owner=FREERTOS
2023-09-18 20:06:12,563 [WARN] ModelIntegratedComponent:184 - Missing modes for component STMicroelectronics:FreeRTOS:0.0.1:STMicroelectronics:RTOS:FreeRTOS:Core:::10.2.0:
2023-09-18 20:06:12,568 [INFO] ThirdPartyModel:298 - Start build external matchings
2023-09-18 20:06:12,577 [INFO] ThirdPartyModel:316 - End build external matchings
2023-09-18 20:06:12,580 [INFO] ImportTextPane:194 - (OptionalMessage_ERROR) IP (USB) : Invalid parameter (speed)
2023-09-18 20:06:12,845 [INFO] UtilMem:75 - End LoadConfig() Used Memory: 743486224 Bytes (1073741824)
2023-09-18 20:06:12,879 [WARN] ThirdParty:833 - waiting for thirdparty lock release [change project]
2023-09-18 20:06:12,879 [INFO] ThirdParty:835 - entering critical section [change project]
2023-09-18 20:06:12,879 [INFO] ThirdParty:1030 - CMSIS Pack Vendor :STMicroelectronics USBPD 4.1
2023-09-18 20:06:12,879 [INFO] ThirdParty:1030 - CMSIS Pack Vendor :STMicroelectronics X-CUBE-DISPLAY 3.0.0
2023-09-18 20:06:12,879 [INFO] ThirdParty:1030 - CMSIS Pack Vendor :STMicroelectronics X-CUBE-GNSS1 6.0.0
2023-09-18 20:06:12,879 [INFO] ThirdParty:1030 - CMSIS Pack Vendor :STMicroelectronics USB_HOST 2.0.0
2023-09-18 20:06:12,879 [INFO] ThirdParty:1030 - CMSIS Pack Vendor :STMicroelectronics LIBJPEG 8.0.0
2023-09-18 20:06:12,879 [INFO] ThirdParty:1030 - CMSIS Pack Vendor :STMicroelectronics FP-ATR-SIGFOX1 3.2.0
2023-09-18 20:06:12,879 [INFO] ThirdParty:1030 - CMSIS Pack Vendor :STMicroelectronics USB_DEVICE 3.0.0
2023-09-18 20:06:12,879 [INFO] ThirdParty:1030 - CMSIS Pack Vendor :STMicroelectronics HAL Drivers 0.0.0
2023-09-18 20:06:12,879 [INFO] ThirdParty:1030 - CMSIS Pack Vendor :STMicroelectronics MBEDTLS 2.16.2
2023-09-18 20:06:12,880 [INFO] ThirdParty:1030 - CMSIS Pack Vendor :STMicroelectronics MBEDTLS 2.14.1
2023-09-18 20:06:12,880 [INFO] ThirdParty:1030 - CMSIS Pack Vendor :STMicroelectronics X-CUBE-EEPRMA1 4.1.0
2023-09-18 20:06:12,880 [INFO] ThirdParty:1030 - CMSIS Pack Vendor :STMicroelectronics X-CUBE-ALS 1.0.1
2023-09-18 20:06:12,880 [INFO] ThirdParty:1030 - CMSIS Pack Vendor :STMicroelectronics USB_DEVICE 2.0.0
2023-09-18 20:06:12,880 [INFO] ThirdParty:1030 - CMSIS Pack Vendor :STMicroelectronics ThreadX 1.0.0
2023-09-18 20:06:12,880 [INFO] ThirdParty:1030 - CMSIS Pack Vendor :STMicroelectronics FP-SNS-MOTENV1 4.3.2
2023-09-18 20:06:12,880 [INFO] ThirdParty:1030 - CMSIS Pack Vendor :STMicroelectronics FreeRTOS 0.0.1
2023-09-18 20:06:12,880 [INFO] ThirdParty:1030 - CMSIS Pack Vendor :STMicroelectronics USB_DEVICE 1.0.0
2023-09-18 20:06:12,880 [INFO] ThirdParty:1030 - CMSIS Pack Vendor :STMicroelectronics X-CUBE-BLEMGR 2.0.0
2023-09-18 20:06:12,880 [INFO] ThirdParty:1030 - CMSIS Pack Vendor :STMicroelectronics STM32_WPAN 1.0.0
2023-09-18 20:06:12,880 [INFO] ThirdParty:1030 - CMSIS Pack Vendor :STMicroelectronics ThreadX 0.0.2
2023-09-18 20:06:12,880 [INFO] ThirdParty:1030 - CMSIS Pack Vendor :STMicroelectronics FP-ATR-ASTRA1 2.0.0
2023-09-18 20:06:12,880 [INFO] ThirdParty:1030 - CMSIS Pack Vendor :STMicroelectronics lwIP 2.0.3
2023-09-18 20:06:12,880 [INFO] ThirdParty:1030 - CMSIS Pack Vendor :STMicroelectronics lwIP 2.1.2
2023-09-18 20:06:12,880 [INFO] ThirdParty:1030 - CMSIS Pack Vendor :STMicroelectronics X-CUBE-BLE2 3.3.0
2023-09-18 20:06:12,880 [INFO] ThirdParty:1030 - CMSIS Pack Vendor :STMicroelectronics USB_HOST 1.0.0
2023-09-18 20:06:12,880 [INFO] ThirdParty:1030 - CMSIS Pack Vendor :STMicroelectronics PDM2PCM 3.1.0
2023-09-18 20:06:12,880 [INFO] ThirdParty:1030 - CMSIS Pack Vendor :STMicroelectronics PDM2PCM 3.2.0
2023-09-18 20:06:12,880 [INFO] ThirdParty:1030 - CMSIS Pack Vendor :STMicroelectronics PDM2PCM 3.3.0
2023-09-18 20:06:12,880 [INFO] ThirdParty:841 - exiting critical section [change project]
2023-09-18 20:06:13,085 [INFO] PinOutPanel:1499 - setPackage(No Configuration,No Configuration)
2023-09-18 20:06:13,089 [INFO] PinOutPanel:1499 - setPackage(STM32F072RBTx,LQFP64)
2023-09-18 20:06:13,679 [INFO] UtilMem:75 - Before build in PCC Used Memory: 533607464 Bytes (1073741824)
2023-09-18 20:06:13,977 [INFO] UtilMem:75 - After build in PCC Used Memory: 577647656 Bytes (1073741824)
2023-09-18 20:06:13,992 [INFO] IPUIPlugin:80 - create IPUIPlugin
2023-09-18 20:06:13,992 [INFO] IPUIPlugin:80 - create IPUIPlugin
2023-09-18 20:06:13,992 [INFO] IPUIPlugin:80 - create IPUIPlugin
2023-09-18 20:06:13,992 [INFO] IPUIPlugin:80 - create IPUIPlugin
2023-09-18 20:06:13,992 [INFO] IPUIPlugin:80 - create IPUIPlugin
2023-09-18 20:06:13,992 [INFO] IPUIPlugin:80 - create IPUIPlugin
2023-09-18 20:06:13,992 [INFO] IPUIPlugin:80 - create IPUIPlugin
2023-09-18 20:06:13,992 [INFO] IPUIPlugin:80 - create IPUIPlugin
2023-09-18 20:06:13,992 [INFO] IPUIPlugin:80 - create IPUIPlugin
2023-09-18 20:06:13,992 [INFO] IPUIPlugin:80 - create IPUIPlugin
2023-09-18 20:06:13,992 [INFO] IPUIPlugin:80 - create IPUIPlugin
2023-09-18 20:06:13,993 [INFO] IPUIPlugin:80 - create IPUIPlugin
2023-09-18 20:06:13,993 [INFO] IPUIPlugin:80 - create IPUIPlugin
2023-09-18 20:06:13,993 [INFO] IPUIPlugin:80 - create IPUIPlugin
2023-09-18 20:06:13,993 [INFO] IPUIPlugin:80 - create IPUIPlugin
2023-09-18 20:06:13,993 [INFO] IPUIPlugin:80 - create IPUIPlugin
2023-09-18 20:06:13,993 [INFO] IPUIPlugin:80 - create IPUIPlugin
2023-09-18 20:06:13,993 [INFO] IPUIPlugin:80 - create IPUIPlugin
2023-09-18 20:06:13,993 [INFO] IPUIPlugin:80 - create IPUIPlugin
2023-09-18 20:06:13,995 [INFO] IPUIPlugin:80 - create IPUIPlugin
2023-09-18 20:06:13,995 [INFO] IPUIPlugin:80 - create IPUIPlugin
2023-09-18 20:06:13,995 [INFO] IPUIPlugin:80 - create IPUIPlugin
2023-09-18 20:06:13,996 [INFO] IPUIPlugin:80 - create IPUIPlugin
2023-09-18 20:06:13,996 [INFO] IPUIPlugin:80 - create IPUIPlugin
2023-09-18 20:06:13,997 [INFO] IPUIPlugin:80 - create IPUIPlugin
2023-09-18 20:06:13,997 [INFO] IPUIPlugin:80 - create IPUIPlugin
2023-09-18 20:06:13,997 [INFO] IPUIPlugin:80 - create IPUIPlugin
2023-09-18 20:06:13,997 [INFO] IPUIPlugin:80 - create IPUIPlugin
2023-09-18 20:06:13,998 [INFO] IPUIPlugin:80 - create IPUIPlugin
2023-09-18 20:06:13,998 [INFO] IPUIPlugin:80 - create IPUIPlugin
2023-09-18 20:06:13,998 [INFO] IPUIPlugin:80 - create IPUIPlugin
2023-09-18 20:06:13,999 [INFO] IPUIPlugin:80 - create IPUIPlugin
2023-09-18 20:06:13,999 [INFO] IPUIPlugin:80 - create IPUIPlugin
2023-09-18 20:06:14,000 [INFO] IPUIPlugin:80 - create IPUIPlugin
2023-09-18 20:06:14,000 [INFO] IPUIPlugin:80 - create IPUIPlugin
2023-09-18 20:06:14,000 [INFO] IPUIPlugin:80 - create IPUIPlugin
2023-09-18 20:06:14,000 [INFO] IPUIPlugin:80 - create IPUIPlugin
2023-09-18 20:06:14,001 [INFO] IPUIPlugin:80 - create IPUIPlugin
2023-09-18 20:06:14,001 [INFO] IPUIPlugin:80 - create IPUIPlugin
2023-09-18 20:06:14,001 [INFO] IPUIPlugin:80 - create IPUIPlugin
2023-09-18 20:06:14,001 [INFO] IPUIPlugin:80 - create IPUIPlugin
2023-09-18 20:06:14,045 [INFO] CADModel:165 - CPN selected for project levelSTM32F072RBT6
2023-09-18 20:06:14,046 [INFO] CADModel:114 - Register for checkConnection events
2023-09-18 20:06:14,086 [INFO] OpenFileManager:328 - Restore cursor
2023-09-18 20:06:14,511 [INFO] UtilMem:75 - End SaveConfig() Used Memory: 669828776 Bytes (1073741824)
2023-09-18 20:06:14,581 [INFO] UtilMem:75 - End SaveConfig() Used Memory: 684452176 Bytes (1073741824)
2023-09-18 20:06:14,783 [INFO] BlockDiagram:2759 - set Specific Code input for plugin: SPI
2023-09-18 20:06:14,783 [INFO] BlockDiagram:2759 - set Specific Code input for plugin: NVIC
2023-09-18 20:06:14,783 [INFO] BlockDiagram:2759 - set Specific Code input for plugin: TSC
2023-09-18 20:06:14,783 [INFO] BlockDiagram:2759 - set Specific Code input for plugin: USB
2023-09-18 20:06:14,783 [INFO] BlockDiagram:2759 - set Specific Code input for plugin: SYS
2023-09-18 20:06:14,784 [INFO] BlockDiagram:2759 - set Specific Code input for plugin: GPIO
2023-09-18 20:06:14,784 [INFO] BlockDiagram:2759 - set Specific Code input for plugin: RCC
2023-09-18 20:06:14,784 [INFO] BlockDiagram:2759 - set Specific Code input for plugin: I2C
2023-09-18 20:06:14,785 [INFO] CodeGenerator:799 - code generatio: config db path: C:\ST\STM32CubeIDE_1.13.1\STM32CubeIDE\plugins\com.st.stm32cube.common.mx_6.9.1.202307191849\\db\
2023-09-18 20:06:15,047 [INFO] CodeEngine:255 - oldGeneratedFile, C:\Users\pedro\STM32CubeIDE\workspace_1.13.1\SPI_Magnetometro\MXTmpFiles\license.tmp_save
2023-09-18 20:06:15,181 [INFO] CodeEngine:279 - Generated code: C:\Users\pedro\STM32CubeIDE\workspace_1.13.1\SPI_Magnetometro\MXTmpFiles\license.tmp
2023-09-18 20:06:15,312 [INFO] CodeEngine:255 - oldGeneratedFile, C:\Users\pedro\STM32CubeIDE\workspace_1.13.1\SPI_Magnetometro\MXTmpFiles\gpio.tmp_save
2023-09-18 20:06:15,420 [INFO] CodeEngine:279 - Generated code: C:\Users\pedro\STM32CubeIDE\workspace_1.13.1\SPI_Magnetometro\MXTmpFiles\gpio.tmp
2023-09-18 20:06:16,099 [INFO] CodeEngine:255 - oldGeneratedFile, C:\Users\pedro\STM32CubeIDE\workspace_1.13.1\SPI_Magnetometro\Core\Src\stm32f0xx_it.c_save
2023-09-18 20:06:16,344 [INFO] CodeEngine:279 - Generated code: C:\Users\pedro\STM32CubeIDE\workspace_1.13.1\SPI_Magnetometro\Core\Src\stm32f0xx_it.c
2023-09-18 20:06:16,359 [INFO] CodeEngine:255 - oldGeneratedFile, C:\Users\pedro\STM32CubeIDE\workspace_1.13.1\SPI_Magnetometro\Core\Inc\stm32f0xx_it.h_save
2023-09-18 20:06:16,491 [INFO] CodeEngine:279 - Generated code: C:\Users\pedro\STM32CubeIDE\workspace_1.13.1\SPI_Magnetometro\Core\Inc\stm32f0xx_it.h
2023-09-18 20:06:16,525 [INFO] CodeEngine:255 - oldGeneratedFile, C:\Users\pedro\STM32CubeIDE\workspace_1.13.1\SPI_Magnetometro\Core\Src\stm32f0xx_hal_msp.c_save
2023-09-18 20:06:16,762 [INFO] CodeEngine:279 - Generated code: C:\Users\pedro\STM32CubeIDE\workspace_1.13.1\SPI_Magnetometro\Core\Src\stm32f0xx_hal_msp.c
2023-09-18 20:06:16,792 [INFO] CodeEngine:255 - oldGeneratedFile, C:\Users\pedro\STM32CubeIDE\workspace_1.13.1\SPI_Magnetometro\MXTmpFiles\system.tmp_save
2023-09-18 20:06:16,899 [INFO] CodeEngine:279 - Generated code: C:\Users\pedro\STM32CubeIDE\workspace_1.13.1\SPI_Magnetometro\MXTmpFiles\system.tmp
2023-09-18 20:06:16,925 [INFO] CodeEngine:311 - oldGeneratedFile, C:\Users\pedro\STM32CubeIDE\workspace_1.13.1\SPI_Magnetometro\Core\Inc\stm32f0xx_hal_conf.h_save
2023-09-18 20:06:17,064 [INFO] CodeEngine:335 - Generated code: C:\Users\pedro\STM32CubeIDE\workspace_1.13.1\SPI_Magnetometro\Core\Inc\stm32f0xx_hal_conf.h
2023-09-18 20:06:17,123 [INFO] CodeEngine:255 - oldGeneratedFile, C:\Users\pedro\STM32CubeIDE\workspace_1.13.1\SPI_Magnetometro\Core\Inc\main.h_save
2023-09-18 20:06:17,265 [INFO] CodeEngine:279 - Generated code: C:\Users\pedro\STM32CubeIDE\workspace_1.13.1\SPI_Magnetometro\Core\Inc\main.h
2023-09-18 20:06:17,280 [INFO] CodeEngine:255 - oldGeneratedFile, C:\Users\pedro\STM32CubeIDE\workspace_1.13.1\SPI_Magnetometro\Core\Src\main.c_save
2023-09-18 20:06:17,432 [INFO] CodeEngine:279 - Generated code: C:\Users\pedro\STM32CubeIDE\workspace_1.13.1\SPI_Magnetometro\Core\Src\main.c
2023-09-18 20:06:18,191 [INFO] ProjectBuilder:3064 - Time for Copy HAL[1] : 354mS.
2023-09-18 20:06:18,200 [INFO] ProjectBuilder:4404 - Project Generator version: 4.1.0
2023-09-18 20:06:18,674 [INFO] ConfigFileManager:1457 - The Die is : DIE448
2023-09-18 20:06:18,686 [INFO] ApiDbMcu:507 - Load IP Config File for FATFS
2023-09-18 20:06:18,710 [INFO] ApiDbMcu:507 - Load IP Config File for FREERTOS
2023-09-18 20:06:18,748 [INFO] ApiDbMcu:507 - Load IP Config File for TOUCHSENSING
2023-09-18 20:06:18,773 [INFO] ApiDbMcu:507 - Load IP Config File for USB_DEVICE
2023-09-18 20:06:24,659 [INFO] ProjectBuilder:4626 - Time for Generating toolchain IDE Files: 6458mS.
2023-09-18 20:06:24,660 [INFO] ProjectBuilder:2935 - Time for Copy CMSIS : 1mS.
2023-09-18 20:06:24,666 [INFO] ProjectBuilder:2935 - Time for Copy CMSIS : 1mS.
2023-09-18 20:06:25,910 [INFO] McuFinderGlobals:76 - Set McuFinderConnectedMode to true
2023-09-18 20:06:25,911 [INFO] ApiDb:448 - Save user favorites file C:\Users\pedro/.stm32cubeide/favorites.mcus.txt: 0 item(s)
2023-09-18 20:06:25,911 [INFO] ApiDb:452 - User favorites MCUs=[]
2023-09-18 20:06:25,914 [INFO] ApiDb:448 - Save user favorites file C:\Users\pedro/.stm32cubeide/favorites.boards.txt: 0 item(s)
2023-09-18 20:06:25,914 [INFO] ApiDb:452 - User favorites Boards=[]
2023-09-18 20:10:51,105 [INFO] I2cTimingTraitement:330 - 0x20303E5D
2023-09-18 20:21:10,144 [INFO] UtilMem:75 - End SaveConfig() Used Memory: 569984600 Bytes (1000341504)
2023-09-18 20:21:10,359 [INFO] UtilMem:75 - End SaveConfig() Used Memory: 584181456 Bytes (1000341504)
2023-09-18 20:21:10,504 [INFO] UtilMem:75 - End SaveConfig() Used Memory: 638181072 Bytes (1000341504)
2023-09-18 20:21:10,790 [INFO] BlockDiagram:2759 - set Specific Code input for plugin: SPI
2023-09-18 20:21:10,790 [INFO] BlockDiagram:2759 - set Specific Code input for plugin: NVIC
2023-09-18 20:21:10,790 [INFO] BlockDiagram:2759 - set Specific Code input for plugin: TSC
2023-09-18 20:21:10,790 [INFO] BlockDiagram:2759 - set Specific Code input for plugin: USB
2023-09-18 20:21:10,791 [INFO] BlockDiagram:2759 - set Specific Code input for plugin: SYS
2023-09-18 20:21:10,791 [INFO] BlockDiagram:2759 - set Specific Code input for plugin: GPIO
2023-09-18 20:21:10,791 [INFO] BlockDiagram:2759 - set Specific Code input for plugin: RCC
2023-09-18 20:21:10,791 [INFO] BlockDiagram:2759 - set Specific Code input for plugin: I2C
2023-09-18 20:21:10,793 [INFO] CodeGenerator:799 - code generatio: config db path: C:\ST\STM32CubeIDE_1.13.1\STM32CubeIDE\plugins\com.st.stm32cube.common.mx_6.9.1.202307191849\\db\
2023-09-18 20:21:11,603 [INFO] CodeEngine:255 - oldGeneratedFile, C:\Users\pedro\STM32CubeIDE\workspace_1.13.1\SPI_Magnetometro\MXTmpFiles\license.tmp_save
2023-09-18 20:21:11,704 [INFO] CodeEngine:279 - Generated code: C:\Users\pedro\STM32CubeIDE\workspace_1.13.1\SPI_Magnetometro\MXTmpFiles\license.tmp
2023-09-18 20:21:11,795 [INFO] CodeEngine:255 - oldGeneratedFile, C:\Users\pedro\STM32CubeIDE\workspace_1.13.1\SPI_Magnetometro\MXTmpFiles\gpio.tmp_save
2023-09-18 20:21:11,924 [INFO] CodeEngine:279 - Generated code: C:\Users\pedro\STM32CubeIDE\workspace_1.13.1\SPI_Magnetometro\MXTmpFiles\gpio.tmp
2023-09-18 20:21:12,452 [INFO] CodeEngine:255 - oldGeneratedFile, C:\Users\pedro\STM32CubeIDE\workspace_1.13.1\SPI_Magnetometro\Core\Src\stm32f0xx_it.c_save
2023-09-18 20:21:12,986 [INFO] CodeEngine:279 - Generated code: C:\Users\pedro\STM32CubeIDE\workspace_1.13.1\SPI_Magnetometro\Core\Src\stm32f0xx_it.c
2023-09-18 20:21:12,992 [INFO] CodeEngine:255 - oldGeneratedFile, C:\Users\pedro\STM32CubeIDE\workspace_1.13.1\SPI_Magnetometro\Core\Inc\stm32f0xx_it.h_save
2023-09-18 20:21:13,125 [INFO] CodeEngine:279 - Generated code: C:\Users\pedro\STM32CubeIDE\workspace_1.13.1\SPI_Magnetometro\Core\Inc\stm32f0xx_it.h
2023-09-18 20:21:13,150 [INFO] CodeEngine:255 - oldGeneratedFile, C:\Users\pedro\STM32CubeIDE\workspace_1.13.1\SPI_Magnetometro\Core\Src\stm32f0xx_hal_msp.c_save
2023-09-18 20:21:13,507 [INFO] CodeEngine:279 - Generated code: C:\Users\pedro\STM32CubeIDE\workspace_1.13.1\SPI_Magnetometro\Core\Src\stm32f0xx_hal_msp.c
2023-09-18 20:21:13,513 [INFO] CodeEngine:255 - oldGeneratedFile, C:\Users\pedro\STM32CubeIDE\workspace_1.13.1\SPI_Magnetometro\MXTmpFiles\system.tmp_save
2023-09-18 20:21:13,983 [INFO] CodeEngine:279 - Generated code: C:\Users\pedro\STM32CubeIDE\workspace_1.13.1\SPI_Magnetometro\MXTmpFiles\system.tmp
2023-09-18 20:21:14,011 [INFO] CodeEngine:311 - oldGeneratedFile, C:\Users\pedro\STM32CubeIDE\workspace_1.13.1\SPI_Magnetometro\Core\Inc\stm32f0xx_hal_conf.h_save
2023-09-18 20:21:14,122 [INFO] CodeEngine:335 - Generated code: C:\Users\pedro\STM32CubeIDE\workspace_1.13.1\SPI_Magnetometro\Core\Inc\stm32f0xx_hal_conf.h
2023-09-18 20:21:14,175 [INFO] CodeEngine:255 - oldGeneratedFile, C:\Users\pedro\STM32CubeIDE\workspace_1.13.1\SPI_Magnetometro\Core\Inc\main.h_save
2023-09-18 20:21:14,281 [INFO] CodeEngine:279 - Generated code: C:\Users\pedro\STM32CubeIDE\workspace_1.13.1\SPI_Magnetometro\Core\Inc\main.h
2023-09-18 20:21:14,302 [INFO] CodeEngine:255 - oldGeneratedFile, C:\Users\pedro\STM32CubeIDE\workspace_1.13.1\SPI_Magnetometro\Core\Src\main.c_save
2023-09-18 20:21:14,456 [INFO] CodeEngine:279 - Generated code: C:\Users\pedro\STM32CubeIDE\workspace_1.13.1\SPI_Magnetometro\Core\Src\main.c
2023-09-18 20:21:15,496 [INFO] ProjectBuilder:3064 - Time for Copy HAL[1] : 351mS.
2023-09-18 20:21:15,502 [INFO] ProjectBuilder:4404 - Project Generator version: 4.1.0
2023-09-18 20:21:15,774 [INFO] ConfigFileManager:1457 - The Die is : DIE448
2023-09-18 20:21:17,455 [INFO] ProjectBuilder:4626 - Time for Generating toolchain IDE Files: 1952mS.
2023-09-18 20:21:17,457 [INFO] ProjectBuilder:2935 - Time for Copy CMSIS : 1mS.
2023-09-18 20:21:17,461 [INFO] ProjectBuilder:2935 - Time for Copy CMSIS : 0mS.
2023-09-18 21:08:49,303 [INFO] NvicIntPanel:101 - NVIC parent = com.st.microxplorer.plugins.ip.nvic.MultiNvicIntPanel[,0,0,0x0,invalid,layout=javax.swing.BoxLayout,alignmentX=0.0,alignmentY=0.0,border=,flags=9,maximumSize=,minimumSize=,preferredSize=]
2023-09-18 21:09:54,125 [INFO] NvicIntPanel:101 - NVIC parent = com.st.microxplorer.plugins.ip.nvic.MultiNvicIntPanel[,0,0,0x0,invalid,layout=javax.swing.BoxLayout,alignmentX=0.0,alignmentY=0.0,border=,flags=9,maximumSize=,minimumSize=,preferredSize=]
2023-09-18 21:09:54,218 [INFO] NvicIntPanel:101 - NVIC parent = com.st.microxplorer.plugins.ip.nvic.MultiNvicIntPanel[,0,0,0x0,invalid,layout=javax.swing.BoxLayout,alignmentX=0.0,alignmentY=0.0,border=,flags=9,maximumSize=,minimumSize=,preferredSize=]
2023-09-18 21:11:18,107 [INFO] NvicIntPanel:101 - NVIC parent = com.st.microxplorer.plugins.ip.nvic.MultiNvicIntPanel[,0,0,0x0,invalid,layout=javax.swing.BoxLayout,alignmentX=0.0,alignmentY=0.0,border=,flags=9,maximumSize=,minimumSize=,preferredSize=]
2023-09-18 21:11:34,701 [INFO] UtilMem:75 - End SaveConfig() Used Memory: 798414864 Bytes (1073741824)
2023-09-18 21:11:34,780 [INFO] UtilMem:75 - End SaveConfig() Used Memory: 811520016 Bytes (1073741824)
2023-09-18 21:11:35,340 [INFO] UtilMem:75 - End SaveConfig() Used Memory: 893835280 Bytes (1073741824)
2023-09-18 21:11:35,593 [INFO] BlockDiagram:2759 - set Specific Code input for plugin: SPI
2023-09-18 21:11:35,593 [INFO] BlockDiagram:2759 - set Specific Code input for plugin: NVIC
2023-09-18 21:11:35,593 [INFO] BlockDiagram:2759 - set Specific Code input for plugin: TSC
2023-09-18 21:11:35,593 [INFO] BlockDiagram:2759 - set Specific Code input for plugin: USB
2023-09-18 21:11:35,593 [INFO] BlockDiagram:2759 - set Specific Code input for plugin: SYS
2023-09-18 21:11:35,593 [INFO] BlockDiagram:2759 - set Specific Code input for plugin: GPIO
2023-09-18 21:11:35,593 [INFO] BlockDiagram:2759 - set Specific Code input for plugin: RCC
2023-09-18 21:11:35,593 [INFO] BlockDiagram:2759 - set Specific Code input for plugin: I2C
2023-09-18 21:11:35,594 [INFO] CodeGenerator:799 - code generatio: config db path: C:\ST\STM32CubeIDE_1.13.1\STM32CubeIDE\plugins\com.st.stm32cube.common.mx_6.9.1.202307191849\\db\
2023-09-18 21:11:35,844 [INFO] CodeEngine:255 - oldGeneratedFile, C:\Users\pedro\STM32CubeIDE\workspace_1.13.1\SPI_Magnetometro\MXTmpFiles\license.tmp_save
2023-09-18 21:11:35,960 [INFO] CodeEngine:279 - Generated code: C:\Users\pedro\STM32CubeIDE\workspace_1.13.1\SPI_Magnetometro\MXTmpFiles\license.tmp
2023-09-18 21:11:36,041 [INFO] CodeEngine:255 - oldGeneratedFile, C:\Users\pedro\STM32CubeIDE\workspace_1.13.1\SPI_Magnetometro\MXTmpFiles\gpio.tmp_save
2023-09-18 21:11:36,159 [INFO] CodeEngine:279 - Generated code: C:\Users\pedro\STM32CubeIDE\workspace_1.13.1\SPI_Magnetometro\MXTmpFiles\gpio.tmp
2023-09-18 21:11:36,596 [INFO] CodeEngine:255 - oldGeneratedFile, C:\Users\pedro\STM32CubeIDE\workspace_1.13.1\SPI_Magnetometro\Core\Src\stm32f0xx_it.c_save
2023-09-18 21:11:36,761 [INFO] CodeEngine:279 - Generated code: C:\Users\pedro\STM32CubeIDE\workspace_1.13.1\SPI_Magnetometro\Core\Src\stm32f0xx_it.c
2023-09-18 21:11:36,767 [INFO] CodeEngine:255 - oldGeneratedFile, C:\Users\pedro\STM32CubeIDE\workspace_1.13.1\SPI_Magnetometro\Core\Inc\stm32f0xx_it.h_save
2023-09-18 21:11:36,840 [INFO] CodeEngine:279 - Generated code: C:\Users\pedro\STM32CubeIDE\workspace_1.13.1\SPI_Magnetometro\Core\Inc\stm32f0xx_it.h
2023-09-18 21:11:36,862 [INFO] CodeEngine:255 - oldGeneratedFile, C:\Users\pedro\STM32CubeIDE\workspace_1.13.1\SPI_Magnetometro\Core\Src\stm32f0xx_hal_msp.c_save
2023-09-18 21:11:37,187 [INFO] CodeEngine:279 - Generated code: C:\Users\pedro\STM32CubeIDE\workspace_1.13.1\SPI_Magnetometro\Core\Src\stm32f0xx_hal_msp.c
2023-09-18 21:11:37,192 [INFO] CodeEngine:255 - oldGeneratedFile, C:\Users\pedro\STM32CubeIDE\workspace_1.13.1\SPI_Magnetometro\MXTmpFiles\system.tmp_save
2023-09-18 21:11:37,259 [INFO] CodeEngine:279 - Generated code: C:\Users\pedro\STM32CubeIDE\workspace_1.13.1\SPI_Magnetometro\MXTmpFiles\system.tmp
2023-09-18 21:11:37,287 [INFO] CodeEngine:311 - oldGeneratedFile, C:\Users\pedro\STM32CubeIDE\workspace_1.13.1\SPI_Magnetometro\Core\Inc\stm32f0xx_hal_conf.h_save
2023-09-18 21:11:37,419 [INFO] CodeEngine:335 - Generated code: C:\Users\pedro\STM32CubeIDE\workspace_1.13.1\SPI_Magnetometro\Core\Inc\stm32f0xx_hal_conf.h
2023-09-18 21:11:37,457 [INFO] CodeEngine:255 - oldGeneratedFile, C:\Users\pedro\STM32CubeIDE\workspace_1.13.1\SPI_Magnetometro\Core\Inc\main.h_save
2023-09-18 21:11:37,583 [INFO] CodeEngine:279 - Generated code: C:\Users\pedro\STM32CubeIDE\workspace_1.13.1\SPI_Magnetometro\Core\Inc\main.h
2023-09-18 21:11:37,600 [INFO] CodeEngine:255 - oldGeneratedFile, C:\Users\pedro\STM32CubeIDE\workspace_1.13.1\SPI_Magnetometro\Core\Src\main.c_save
2023-09-18 21:11:37,749 [INFO] CodeEngine:279 - Generated code: C:\Users\pedro\STM32CubeIDE\workspace_1.13.1\SPI_Magnetometro\Core\Src\main.c
2023-09-18 21:11:38,509 [INFO] ProjectBuilder:3064 - Time for Copy HAL[1] : 296mS.
2023-09-18 21:11:38,513 [INFO] ProjectBuilder:4404 - Project Generator version: 4.1.0
2023-09-18 21:11:38,710 [INFO] ConfigFileManager:1457 - The Die is : DIE448
2023-09-18 21:11:40,319 [INFO] ProjectBuilder:4626 - Time for Generating toolchain IDE Files: 1806mS.
2023-09-18 21:11:40,320 [INFO] ProjectBuilder:2935 - Time for Copy CMSIS : 1mS.
2023-09-18 21:11:40,323 [INFO] ProjectBuilder:2935 - Time for Copy CMSIS : 0mS.
